---------------------------------------------------------------

[2020-12-01T20:06:57+08:00] 127.0.0.1 POST www.tt.com/entrance/JD/no/coupon_random
[运行时间：3.460847s] [吞吐率：0.29req/s] [内存消耗：4,111.38kb] [文件加载：106]
[ info ] [ LANG ] D:\think_php\thinkphp\lang\zh-cn.php
[ info ] [ ROUTE ] array (
  'rule' => 'entrance/<version>/no/<method>',
  'route' => 'entrance/Entrance/noentrance',
  'option' => 
  array (
    'merge_rule_regex' => false,
    'cross_domain' => true,
    'header' => 
    array (
      'Access-Control-Allow-Credentials' => 'true',
      'Access-Control-Allow-Methods' => 'GET, POST, PATCH, PUT, DELETE',
      'Access-Control-Allow-Headers' => 'Authorization, Content-Type, If-Match, If-Modified-Since, If-None-Match, If-Unmodified-Since, X-Requested-With',
      'Access-Control-Allow-Origin' => '*',
    ),
  ),
  'var' => 
  array (
    'version' => 'JD',
    'method' => 'coupon_random',
  ),
)
[ info ] [ HEADER ] array (
  'user-agent' => 'ApiPOST Runtime +https://www.apipost.cn',
  'origin' => 'http://www.tt.com',
  'content-type' => 'multipart/form-data; boundary=----WebKitFormBoundary6sguauBmozx6aLod',
  'accept-language' => 'zh-CN',
  'accept-encoding' => 'gzip, deflate',
  'accept' => 'application/json, text/javascript, */*; q=0.01',
  'content-length' => '44',
  'connection' => 'close',
  'host' => 'www.tt.com',
)
[ info ] [ PARAM ] array (
  'version' => 'JD',
  'method' => 'coupon_random',
)
[ info ] [ DB ] INIT mysql
[ sql ] [ DB ] CONNECT:[ UseTime:1.212316s ] mysql:host=106.54.90.60;port=3306;dbname=swm3_jiedx_club;charset=utf8mb4
[ sql ] [ SQL ] SHOW COLUMNS FROM `yyc_coupon` [ RunTime:0.729931s ]
[ sql ] [ SQL ] SELECT COUNT(*) AS tp_count FROM `yyc_coupon` [ RunTime:0.487068s ]
[ sql ] [ SQL ] SELECT * FROM `yyc_coupon` [ RunTime:0.365236s ]
[ sql ] [ SQL ] SELECT * FROM `yyc_coupon` ORDER BY `id` DESC LIMIT 1 [ RunTime:0.282535s ]
---------------------------------------------------------------

[2020-12-01T20:07:26+08:00] 127.0.0.1 POST www.tt.com/entrance/JD/no/coupon_random
[运行时间：1.132934s] [吞吐率：0.88req/s] [内存消耗：4,111.36kb] [文件加载：106]
[ info ] [ LANG ] D:\think_php\thinkphp\lang\zh-cn.php
[ info ] [ ROUTE ] array (
  'rule' => 'entrance/<version>/no/<method>',
  'route' => 'entrance/Entrance/noentrance',
  'option' => 
  array (
    'merge_rule_regex' => false,
    'cross_domain' => true,
    'header' => 
    array (
      'Access-Control-Allow-Credentials' => 'true',
      'Access-Control-Allow-Methods' => 'GET, POST, PATCH, PUT, DELETE',
      'Access-Control-Allow-Headers' => 'Authorization, Content-Type, If-Match, If-Modified-Since, If-None-Match, If-Unmodified-Since, X-Requested-With',
      'Access-Control-Allow-Origin' => '*',
    ),
  ),
  'var' => 
  array (
    'version' => 'JD',
    'method' => 'coupon_random',
  ),
)
[ info ] [ HEADER ] array (
  'user-agent' => 'ApiPOST Runtime +https://www.apipost.cn',
  'origin' => 'http://www.tt.com',
  'content-type' => 'multipart/form-data; boundary=----WebKitFormBoundary064hhHB4CqAKQbBL',
  'accept-language' => 'zh-CN',
  'accept-encoding' => 'gzip, deflate',
  'accept' => 'application/json, text/javascript, */*; q=0.01',
  'content-length' => '44',
  'connection' => 'close',
  'host' => 'www.tt.com',
)
[ info ] [ PARAM ] array (
  'version' => 'JD',
  'method' => 'coupon_random',
)
[ info ] [ DB ] INIT mysql
[ sql ] [ DB ] CONNECT:[ UseTime:0.192463s ] mysql:host=106.54.90.60;port=3306;dbname=swm3_jiedx_club;charset=utf8mb4
[ sql ] [ SQL ] SHOW COLUMNS FROM `yyc_coupon` [ RunTime:0.230503s ]
[ sql ] [ SQL ] SELECT COUNT(*) AS tp_count FROM `yyc_coupon` [ RunTime:0.278050s ]
[ sql ] [ SQL ] SELECT * FROM `yyc_coupon` [ RunTime:0.237192s ]
[ sql ] [ SQL ] SELECT * FROM `yyc_coupon` ORDER BY `id` DESC LIMIT 1 [ RunTime:0.142080s ]
---------------------------------------------------------------

[2020-12-01T20:07:29+08:00] 127.0.0.1 POST www.tt.com/entrance/JD/no/coupon_random
[运行时间：1.367151s] [吞吐率：0.73req/s] [内存消耗：4,111.36kb] [文件加载：106]
[ info ] [ LANG ] D:\think_php\thinkphp\lang\zh-cn.php
[ info ] [ ROUTE ] array (
  'rule' => 'entrance/<version>/no/<method>',
  'route' => 'entrance/Entrance/noentrance',
  'option' => 
  array (
    'merge_rule_regex' => false,
    'cross_domain' => true,
    'header' => 
    array (
      'Access-Control-Allow-Credentials' => 'true',
      'Access-Control-Allow-Methods' => 'GET, POST, PATCH, PUT, DELETE',
      'Access-Control-Allow-Headers' => 'Authorization, Content-Type, If-Match, If-Modified-Since, If-None-Match, If-Unmodified-Since, X-Requested-With',
      'Access-Control-Allow-Origin' => '*',
    ),
  ),
  'var' => 
  array (
    'version' => 'JD',
    'method' => 'coupon_random',
  ),
)
[ info ] [ HEADER ] array (
  'user-agent' => 'ApiPOST Runtime +https://www.apipost.cn',
  'origin' => 'http://www.tt.com',
  'content-type' => 'multipart/form-data; boundary=----WebKitFormBoundaryXzOKDXNp5RoKQBWC',
  'accept-language' => 'zh-CN',
  'accept-encoding' => 'gzip, deflate',
  'accept' => 'application/json, text/javascript, */*; q=0.01',
  'content-length' => '44',
  'connection' => 'close',
  'host' => 'www.tt.com',
)
[ info ] [ PARAM ] array (
  'version' => 'JD',
  'method' => 'coupon_random',
)
[ info ] [ DB ] INIT mysql
[ sql ] [ DB ] CONNECT:[ UseTime:0.267709s ] mysql:host=106.54.90.60;port=3306;dbname=swm3_jiedx_club;charset=utf8mb4
[ sql ] [ SQL ] SHOW COLUMNS FROM `yyc_coupon` [ RunTime:0.259746s ]
[ sql ] [ SQL ] SELECT COUNT(*) AS tp_count FROM `yyc_coupon` [ RunTime:0.324245s ]
[ sql ] [ SQL ] SELECT * FROM `yyc_coupon` [ RunTime:0.239059s ]
[ sql ] [ SQL ] SELECT * FROM `yyc_coupon` ORDER BY `id` DESC LIMIT 1 [ RunTime:0.220383s ]
---------------------------------------------------------------

[2020-12-01T20:07:32+08:00] 127.0.0.1 POST www.tt.com/entrance/JD/no/coupon_random
[运行时间：1.617317s] [吞吐率：0.62req/s] [内存消耗：4,111.36kb] [文件加载：106]
[ info ] [ LANG ] D:\think_php\thinkphp\lang\zh-cn.php
[ info ] [ ROUTE ] array (
  'rule' => 'entrance/<version>/no/<method>',
  'route' => 'entrance/Entrance/noentrance',
  'option' => 
  array (
    'merge_rule_regex' => false,
    'cross_domain' => true,
    'header' => 
    array (
      'Access-Control-Allow-Credentials' => 'true',
      'Access-Control-Allow-Methods' => 'GET, POST, PATCH, PUT, DELETE',
      'Access-Control-Allow-Headers' => 'Authorization, Content-Type, If-Match, If-Modified-Since, If-None-Match, If-Unmodified-Since, X-Requested-With',
      'Access-Control-Allow-Origin' => '*',
    ),
  ),
  'var' => 
  array (
    'version' => 'JD',
    'method' => 'coupon_random',
  ),
)
[ info ] [ HEADER ] array (
  'user-agent' => 'ApiPOST Runtime +https://www.apipost.cn',
  'origin' => 'http://www.tt.com',
  'content-type' => 'multipart/form-data; boundary=----WebKitFormBoundarydB2dcgssJyKI9w4z',
  'accept-language' => 'zh-CN',
  'accept-encoding' => 'gzip, deflate',
  'accept' => 'application/json, text/javascript, */*; q=0.01',
  'content-length' => '44',
  'connection' => 'close',
  'host' => 'www.tt.com',
)
[ info ] [ PARAM ] array (
  'version' => 'JD',
  'method' => 'coupon_random',
)
[ info ] [ DB ] INIT mysql
[ sql ] [ DB ] CONNECT:[ UseTime:0.453168s ] mysql:host=106.54.90.60;port=3306;dbname=swm3_jiedx_club;charset=utf8mb4
[ sql ] [ SQL ] SHOW COLUMNS FROM `yyc_coupon` [ RunTime:0.198264s ]
[ sql ] [ SQL ] SELECT COUNT(*) AS tp_count FROM `yyc_coupon` [ RunTime:0.299727s ]
[ sql ] [ SQL ] SELECT * FROM `yyc_coupon` [ RunTime:0.284093s ]
[ sql ] [ SQL ] SELECT * FROM `yyc_coupon` ORDER BY `id` DESC LIMIT 1 [ RunTime:0.327731s ]
---------------------------------------------------------------

[2020-12-01T20:08:17+08:00] 127.0.0.1 POST www.tt.com/entrance/JD/no/coupon_random
[运行时间：1.238355s] [吞吐率：0.81req/s] [内存消耗：4,111.36kb] [文件加载：106]
[ info ] [ LANG ] D:\think_php\thinkphp\lang\zh-cn.php
[ info ] [ ROUTE ] array (
  'rule' => 'entrance/<version>/no/<method>',
  'route' => 'entrance/Entrance/noentrance',
  'option' => 
  array (
    'merge_rule_regex' => false,
    'cross_domain' => true,
    'header' => 
    array (
      'Access-Control-Allow-Credentials' => 'true',
      'Access-Control-Allow-Methods' => 'GET, POST, PATCH, PUT, DELETE',
      'Access-Control-Allow-Headers' => 'Authorization, Content-Type, If-Match, If-Modified-Since, If-None-Match, If-Unmodified-Since, X-Requested-With',
      'Access-Control-Allow-Origin' => '*',
    ),
  ),
  'var' => 
  array (
    'version' => 'JD',
    'method' => 'coupon_random',
  ),
)
[ info ] [ HEADER ] array (
  'user-agent' => 'ApiPOST Runtime +https://www.apipost.cn',
  'origin' => 'http://www.tt.com',
  'content-type' => 'multipart/form-data; boundary=----WebKitFormBoundaryUXmpKAw3ECNKDFN5',
  'accept-language' => 'zh-CN',
  'accept-encoding' => 'gzip, deflate',
  'accept' => 'application/json, text/javascript, */*; q=0.01',
  'content-length' => '44',
  'connection' => 'close',
  'host' => 'www.tt.com',
)
[ info ] [ PARAM ] array (
  'version' => 'JD',
  'method' => 'coupon_random',
)
[ info ] [ DB ] INIT mysql
[ sql ] [ DB ] CONNECT:[ UseTime:0.463139s ] mysql:host=106.54.90.60;port=3306;dbname=swm3_jiedx_club;charset=utf8mb4
[ sql ] [ SQL ] SHOW COLUMNS FROM `yyc_coupon` [ RunTime:0.135678s ]
[ sql ] [ SQL ] SELECT COUNT(*) AS tp_count FROM `yyc_coupon` [ RunTime:0.239179s ]
[ sql ] [ SQL ] SELECT * FROM `yyc_coupon` [ RunTime:0.154185s ]
[ sql ] [ SQL ] SELECT * FROM `yyc_coupon` ORDER BY `id` DESC LIMIT 1 [ RunTime:0.192019s ]
---------------------------------------------------------------

[2020-12-01T20:08:27+08:00] 127.0.0.1 POST www.tt.com/entrance/JD/no/coupon_select
[运行时间：1.994017s] [吞吐率：0.50req/s] [内存消耗：4,111.78kb] [文件加载：106]
[ info ] [ LANG ] D:\think_php\thinkphp\lang\zh-cn.php
[ info ] [ ROUTE ] array (
  'rule' => 'entrance/<version>/no/<method>',
  'route' => 'entrance/Entrance/noentrance',
  'option' => 
  array (
    'merge_rule_regex' => false,
    'cross_domain' => true,
    'header' => 
    array (
      'Access-Control-Allow-Credentials' => 'true',
      'Access-Control-Allow-Methods' => 'GET, POST, PATCH, PUT, DELETE',
      'Access-Control-Allow-Headers' => 'Authorization, Content-Type, If-Match, If-Modified-Since, If-None-Match, If-Unmodified-Since, X-Requested-With',
      'Access-Control-Allow-Origin' => '*',
    ),
  ),
  'var' => 
  array (
    'version' => 'JD',
    'method' => 'coupon_select',
  ),
)
[ info ] [ HEADER ] array (
  'user-agent' => 'ApiPOST Runtime +https://www.apipost.cn',
  'origin' => 'http://www.tt.com',
  'content-type' => 'multipart/form-data; boundary=----WebKitFormBoundary6s1SFd3cMIAgDVAf',
  'accept-language' => 'zh-CN',
  'accept-encoding' => 'gzip, deflate',
  'accept' => 'application/json, text/javascript, */*; q=0.01',
  'content-length' => '44',
  'connection' => 'close',
  'host' => 'www.tt.com',
)
[ info ] [ PARAM ] array (
  'version' => 'JD',
  'method' => 'coupon_select',
)
[ info ] [ DB ] INIT mysql
[ sql ] [ DB ] CONNECT:[ UseTime:1.598159s ] mysql:host=106.54.90.60;port=3306;dbname=swm3_jiedx_club;charset=utf8mb4
[ sql ] [ SQL ] SHOW COLUMNS FROM `yyc_coupon` [ RunTime:0.187697s ]
[ sql ] [ SQL ] SELECT * FROM `yyc_coupon` [ RunTime:0.155110s ]
---------------------------------------------------------------

[2020-12-01T20:09:32+08:00] 127.0.0.1 POST www.tt.com/entrance/JD/no/coupon_select
[运行时间：1.096995s] [吞吐率：0.91req/s] [内存消耗：4,111.95kb] [文件加载：106]
[ info ] [ LANG ] D:\think_php\thinkphp\lang\zh-cn.php
[ info ] [ ROUTE ] array (
  'rule' => 'entrance/<version>/no/<method>',
  'route' => 'entrance/Entrance/noentrance',
  'option' => 
  array (
    'merge_rule_regex' => false,
    'cross_domain' => true,
    'header' => 
    array (
      'Access-Control-Allow-Credentials' => 'true',
      'Access-Control-Allow-Methods' => 'GET, POST, PATCH, PUT, DELETE',
      'Access-Control-Allow-Headers' => 'Authorization, Content-Type, If-Match, If-Modified-Since, If-None-Match, If-Unmodified-Since, X-Requested-With',
      'Access-Control-Allow-Origin' => '*',
    ),
  ),
  'var' => 
  array (
    'version' => 'JD',
    'method' => 'coupon_select',
  ),
)
[ info ] [ HEADER ] array (
  'user-agent' => 'ApiPOST Runtime +https://www.apipost.cn',
  'origin' => 'http://www.tt.com',
  'content-type' => 'multipart/form-data; boundary=----WebKitFormBoundarymipfZY4F0ekUEOXI',
  'accept-language' => 'zh-CN',
  'accept-encoding' => 'gzip, deflate',
  'accept' => 'application/json, text/javascript, */*; q=0.01',
  'content-length' => '44',
  'connection' => 'close',
  'host' => 'www.tt.com',
)
[ info ] [ PARAM ] array (
  'version' => 'JD',
  'method' => 'coupon_select',
)
[ info ] [ DB ] INIT mysql
[ sql ] [ DB ] CONNECT:[ UseTime:0.667545s ] mysql:host=106.54.90.60;port=3306;dbname=swm3_jiedx_club;charset=utf8mb4
[ sql ] [ SQL ] SHOW COLUMNS FROM `yyc_coupon` [ RunTime:0.229638s ]
[ sql ] [ SQL ] SELECT * FROM `yyc_coupon` [ RunTime:0.138454s ]
