---------------------------------------------------------------

[2020-12-03T16:02:52+08:00] 127.0.0.1 POST www.tt.com/entrance/JD/no/order_refund?out_trade_no=tabiVTysTXBk0E
[运行时间：4.122436s] [吞吐率：0.24req/s] [内存消耗：4,168.31kb] [文件加载：165]
[ info ] [ LANG ] D:\think_php\thinkphp\lang\zh-cn.php
[ info ] [ ROUTE ] array (
  'rule' => 'entrance/<version>/no/<method>',
  'route' => 'entrance/Entrance/noentrance',
  'option' => 
  array (
    'merge_rule_regex' => false,
    'cross_domain' => true,
    'header' => 
    array (
      'Access-Control-Allow-Credentials' => 'true',
      'Access-Control-Allow-Methods' => 'GET, POST, PATCH, PUT, DELETE',
      'Access-Control-Allow-Headers' => 'Authorization, Content-Type, If-Match, If-Modified-Since, If-None-Match, If-Unmodified-Since, X-Requested-With',
      'Access-Control-Allow-Origin' => '*',
    ),
  ),
  'var' => 
  array (
    'version' => 'JD',
    'method' => 'order_refund',
  ),
)
[ info ] [ HEADER ] array (
  'user-agent' => 'ApiPOST Runtime +https://www.apipost.cn',
  'origin' => 'http://www.tt.com',
  'content-type' => 'multipart/form-data; boundary=----WebKitFormBoundaryG4n215zkbXDyzXSg',
  'accept-language' => 'zh-CN',
  'accept-encoding' => 'gzip, deflate',
  'accept' => 'application/json, text/javascript, */*; q=0.01',
  'content-length' => '44',
  'connection' => 'close',
  'host' => 'www.tt.com',
)
[ info ] [ PARAM ] array (
  'out_trade_no' => 'tabiVTysTXBk0E',
  'version' => 'JD',
  'method' => 'order_refund',
)
