---------------------------------------------------------------

[2020-10-28T19:31:31+08:00] ::1 GET localhost/
[运行时间：0.030237s] [吞吐率：33.07req/s] [内存消耗：1,695.38kb] [文件加载：60]
[ info ] [ LANG ] D:\think_php\thinkphp\lang\zh-cn.php
[ info ] [ ROUTE ] array (
)
[ info ] [ HEADER ] array (
  'cookie' => 'pgv_pvi=5803678720',
  'accept-language' => 'zh-CN,zh;q=0.9',
  'accept-encoding' => 'gzip, deflate, br',
  'sec-fetch-dest' => 'document',
  'sec-fetch-user' => '?1',
  'sec-fetch-mode' => 'navigate',
  'sec-fetch-site' => 'none',
  'accept' => 'text/html,application/xhtml+xml,application/xml;q=0.9,image/avif,image/webp,image/apng,*/*;q=0.8,application/signed-exchange;v=b3;q=0.9',
  'user-agent' => 'Mozilla/5.0 (Windows NT 10.0; Win64; x64) AppleWebKit/537.36 (KHTML, like Gecko) Chrome/86.0.4240.111 Safari/537.36',
  'upgrade-insecure-requests' => '1',
  'connection' => 'close',
  'host' => 'localhost',
)
[ info ] [ PARAM ] array (
)
---------------------------------------------------------------

[2020-10-28T19:31:41+08:00] 127.0.0.1 GET www.tt.com/
[运行时间：0.025659s] [吞吐率：38.97req/s] [内存消耗：1,694.46kb] [文件加载：60]
[ info ] [ LANG ] D:\think_php\thinkphp\lang\zh-cn.php
[ info ] [ ROUTE ] array (
)
[ info ] [ HEADER ] array (
  'cookie' => 'Hm_lvt_e325e60ca4cd358f2b424f5aecb8021a=1602761372',
  'accept-language' => 'zh-CN,zh;q=0.9',
  'accept-encoding' => 'gzip, deflate',
  'accept' => 'text/html,application/xhtml+xml,application/xml;q=0.9,image/avif,image/webp,image/apng,*/*;q=0.8,application/signed-exchange;v=b3;q=0.9',
  'user-agent' => 'Mozilla/5.0 (Windows NT 10.0; Win64; x64) AppleWebKit/537.36 (KHTML, like Gecko) Chrome/86.0.4240.111 Safari/537.36',
  'upgrade-insecure-requests' => '1',
  'connection' => 'close',
  'host' => 'www.tt.com',
)
[ info ] [ PARAM ] array (
)
---------------------------------------------------------------

[2020-10-28T19:31:56+08:00] 127.0.0.1 GET www.tt.com/entrance/JD/no/wx_select
[运行时间：1.555420s] [吞吐率：0.64req/s] [内存消耗：3,192.00kb] [文件加载：82]
[ info ] [ LANG ] D:\think_php\thinkphp\lang\zh-cn.php
[ info ] [ ROUTE ] array (
  'rule' => 'entrance/<version>/no/<method>',
  'route' => 'entrance/Entrance/noentrance',
  'option' => 
  array (
    'merge_rule_regex' => false,
    'cross_domain' => true,
    'header' => 
    array (
      'Access-Control-Allow-Credentials' => 'true',
      'Access-Control-Allow-Methods' => 'GET, POST, PATCH, PUT, DELETE',
      'Access-Control-Allow-Headers' => 'Authorization, Content-Type, If-Match, If-Modified-Since, If-None-Match, If-Unmodified-Since, X-Requested-With',
      'Access-Control-Allow-Origin' => '*',
    ),
  ),
  'var' => 
  array (
    'version' => 'JD',
    'method' => 'wx_select',
  ),
)
[ info ] [ HEADER ] array (
  'cookie' => 'Hm_lvt_e325e60ca4cd358f2b424f5aecb8021a=1602761372',
  'accept-language' => 'zh-CN,zh;q=0.9',
  'accept-encoding' => 'gzip, deflate',
  'accept' => 'text/html,application/xhtml+xml,application/xml;q=0.9,image/avif,image/webp,image/apng,*/*;q=0.8,application/signed-exchange;v=b3;q=0.9',
  'user-agent' => 'Mozilla/5.0 (Windows NT 10.0; Win64; x64) AppleWebKit/537.36 (KHTML, like Gecko) Chrome/86.0.4240.111 Safari/537.36',
  'upgrade-insecure-requests' => '1',
  'connection' => 'close',
  'host' => 'www.tt.com',
)
[ info ] [ PARAM ] array (
  'version' => 'JD',
  'method' => 'wx_select',
)
[ info ] [ DB ] INIT mysql
[ sql ] [ DB ] CONNECT:[ UseTime:0.310702s ] mysql:host=106.54.90.60;port=3306;dbname=swm3_jiedx_club;charset=utf8
[ sql ] [ SQL ] SHOW COLUMNS FROM `yyc_admin` [ RunTime:0.309491s ]
[ sql ] [ SQL ] SELECT * FROM `yyc_admin` [ RunTime:0.299519s ]
[ sql ] [ SQL ] SELECT * FROM `yyc_admin` WHERE  `id` IS NULL [ RunTime:0.588394s ]
---------------------------------------------------------------

[2020-10-28T19:34:01+08:00] ::1 POST localhost/entrance/JD/no/login
[运行时间：0.441476s] [吞吐率：2.27req/s] [内存消耗：3,137.19kb] [文件加载：81]
[ info ] [ LANG ] D:\think_php\thinkphp\lang\zh-cn.php
[ info ] [ ROUTE ] array (
  'rule' => 'entrance/<version>/no/<method>',
  'route' => 'entrance/Entrance/noentrance',
  'option' => 
  array (
    'merge_rule_regex' => false,
    'cross_domain' => true,
    'header' => 
    array (
      'Access-Control-Allow-Credentials' => 'true',
      'Access-Control-Allow-Methods' => 'GET, POST, PATCH, PUT, DELETE',
      'Access-Control-Allow-Headers' => 'Authorization, Content-Type, If-Match, If-Modified-Since, If-None-Match, If-Unmodified-Since, X-Requested-With',
      'Access-Control-Allow-Origin' => '*',
    ),
  ),
  'var' => 
  array (
    'version' => 'JD',
    'method' => 'login',
  ),
)
[ info ] [ HEADER ] array (
  'accept-language' => 'zh-CN,zh;q=0.9',
  'accept-encoding' => 'gzip, deflate, br',
  'referer' => 'http://localhost:9528/',
  'sec-fetch-dest' => 'empty',
  'sec-fetch-mode' => 'cors',
  'sec-fetch-site' => 'same-site',
  'origin' => 'http://localhost:9528',
  'content-type' => 'application/x-www-form-urlencoded',
  'user-agent' => 'Mozilla/5.0 (Windows NT 10.0; Win64; x64) AppleWebKit/537.36 (KHTML, like Gecko) Chrome/86.0.4240.111 Safari/537.36',
  'accept' => 'application/json, text/plain, */*',
  'content-length' => '30',
  'connection' => 'close',
  'host' => 'localhost',
)
[ info ] [ PARAM ] array (
  'username' => 'admin',
  'password' => '123123',
  'version' => 'JD',
  'method' => 'login',
)
[ info ] [ DB ] INIT mysql
[ sql ] [ DB ] CONNECT:[ UseTime:0.141332s ] mysql:host=106.54.90.60;port=3306;dbname=swm3_jiedx_club;charset=utf8
[ sql ] [ SQL ] SHOW COLUMNS FROM `yyc_admin` [ RunTime:0.086919s ]
[ sql ] [ SQL ] SELECT * FROM `yyc_admin` WHERE  `username` = 'admin'  AND `password` = '123123' LIMIT 1 [ RunTime:0.154124s ]
---------------------------------------------------------------

[2020-10-28T19:34:04+08:00] ::1 POST localhost/entrance/JD/no/wx_select
[运行时间：0.533634s] [吞吐率：1.87req/s] [内存消耗：3,194.40kb] [文件加载：83]
[ info ] [ LANG ] D:\think_php\thinkphp\lang\zh-cn.php
[ info ] [ ROUTE ] array (
  'rule' => 'entrance/<version>/no/<method>',
  'route' => 'entrance/Entrance/noentrance',
  'option' => 
  array (
    'merge_rule_regex' => false,
    'cross_domain' => true,
    'header' => 
    array (
      'Access-Control-Allow-Credentials' => 'true',
      'Access-Control-Allow-Methods' => 'GET, POST, PATCH, PUT, DELETE',
      'Access-Control-Allow-Headers' => 'Authorization, Content-Type, If-Match, If-Modified-Since, If-None-Match, If-Unmodified-Since, X-Requested-With',
      'Access-Control-Allow-Origin' => '*',
    ),
  ),
  'var' => 
  array (
    'version' => 'JD',
    'method' => 'wx_select',
  ),
)
[ info ] [ HEADER ] array (
  'accept-language' => 'zh-CN,zh;q=0.9',
  'accept-encoding' => 'gzip, deflate, br',
  'referer' => 'http://localhost:9528/',
  'sec-fetch-dest' => 'empty',
  'sec-fetch-mode' => 'cors',
  'sec-fetch-site' => 'same-site',
  'origin' => 'http://localhost:9528',
  'content-type' => 'application/x-www-form-urlencoded',
  'user-agent' => 'Mozilla/5.0 (Windows NT 10.0; Win64; x64) AppleWebKit/537.36 (KHTML, like Gecko) Chrome/86.0.4240.111 Safari/537.36',
  'accept' => 'application/json, text/plain, */*',
  'content-length' => '43',
  'connection' => 'close',
  'host' => 'localhost',
)
[ info ] [ PARAM ] array (
  'offset' => '0',
  'length' => '10',
  'keyword' => '',
  'tableName' => 'admin',
  'version' => 'JD',
  'method' => 'wx_select',
)
[ info ] [ DB ] INIT mysql
[ sql ] [ DB ] CONNECT:[ UseTime:0.183587s ] mysql:host=106.54.90.60;port=3306;dbname=swm3_jiedx_club;charset=utf8
[ sql ] [ SQL ] SHOW COLUMNS FROM `yyc_admin` [ RunTime:0.086101s ]
[ sql ] [ SQL ] SELECT * FROM `yyc_admin` [ RunTime:0.130506s ]
[ sql ] [ SQL ] SELECT * FROM `yyc_admin` WHERE  `id` IS NULL [ RunTime:0.084055s ]
---------------------------------------------------------------

[2020-10-28T19:38:45+08:00] ::1 POST localhost/entrance/JD/no/wx_select
[运行时间：1.721154s] [吞吐率：0.58req/s] [内存消耗：3,194.40kb] [文件加载：83]
[ info ] [ LANG ] D:\think_php\thinkphp\lang\zh-cn.php
[ info ] [ ROUTE ] array (
  'rule' => 'entrance/<version>/no/<method>',
  'route' => 'entrance/Entrance/noentrance',
  'option' => 
  array (
    'merge_rule_regex' => false,
    'cross_domain' => true,
    'header' => 
    array (
      'Access-Control-Allow-Credentials' => 'true',
      'Access-Control-Allow-Methods' => 'GET, POST, PATCH, PUT, DELETE',
      'Access-Control-Allow-Headers' => 'Authorization, Content-Type, If-Match, If-Modified-Since, If-None-Match, If-Unmodified-Since, X-Requested-With',
      'Access-Control-Allow-Origin' => '*',
    ),
  ),
  'var' => 
  array (
    'version' => 'JD',
    'method' => 'wx_select',
  ),
)
[ info ] [ HEADER ] array (
  'accept-language' => 'zh-CN,zh;q=0.9',
  'accept-encoding' => 'gzip, deflate, br',
  'referer' => 'http://localhost:9528/',
  'sec-fetch-dest' => 'empty',
  'sec-fetch-mode' => 'cors',
  'sec-fetch-site' => 'same-site',
  'origin' => 'http://localhost:9528',
  'content-type' => 'application/x-www-form-urlencoded',
  'user-agent' => 'Mozilla/5.0 (Windows NT 10.0; Win64; x64) AppleWebKit/537.36 (KHTML, like Gecko) Chrome/86.0.4240.111 Safari/537.36',
  'accept' => 'application/json, text/plain, */*',
  'content-length' => '43',
  'connection' => 'close',
  'host' => 'localhost',
)
[ info ] [ PARAM ] array (
  'offset' => '0',
  'length' => '10',
  'keyword' => '',
  'tableName' => 'admin',
  'version' => 'JD',
  'method' => 'wx_select',
)
[ info ] [ DB ] INIT mysql
[ sql ] [ DB ] CONNECT:[ UseTime:1.189443s ] mysql:host=106.54.90.60;port=3306;dbname=swm3_jiedx_club;charset=utf8
[ sql ] [ SQL ] SHOW COLUMNS FROM `yyc_admin` [ RunTime:0.144682s ]
[ sql ] [ SQL ] SELECT * FROM `yyc_admin` [ RunTime:0.193038s ]
[ sql ] [ SQL ] SELECT * FROM `yyc_admin` WHERE  `id` IS NULL [ RunTime:0.130425s ]
---------------------------------------------------------------

[2020-10-28T20:35:51+08:00] ::1 POST localhost/entrance/JD/no/wx_select
[运行时间：0.978739s] [吞吐率：1.02req/s] [内存消耗：3,194.40kb] [文件加载：83]
[ info ] [ LANG ] D:\think_php\thinkphp\lang\zh-cn.php
[ info ] [ ROUTE ] array (
  'rule' => 'entrance/<version>/no/<method>',
  'route' => 'entrance/Entrance/noentrance',
  'option' => 
  array (
    'merge_rule_regex' => false,
    'cross_domain' => true,
    'header' => 
    array (
      'Access-Control-Allow-Credentials' => 'true',
      'Access-Control-Allow-Methods' => 'GET, POST, PATCH, PUT, DELETE',
      'Access-Control-Allow-Headers' => 'Authorization, Content-Type, If-Match, If-Modified-Since, If-None-Match, If-Unmodified-Since, X-Requested-With',
      'Access-Control-Allow-Origin' => '*',
    ),
  ),
  'var' => 
  array (
    'version' => 'JD',
    'method' => 'wx_select',
  ),
)
[ info ] [ HEADER ] array (
  'accept-language' => 'zh-CN,zh;q=0.9',
  'accept-encoding' => 'gzip, deflate, br',
  'referer' => 'http://localhost:9528/',
  'sec-fetch-dest' => 'empty',
  'sec-fetch-mode' => 'cors',
  'sec-fetch-site' => 'same-site',
  'origin' => 'http://localhost:9528',
  'content-type' => 'application/x-www-form-urlencoded',
  'user-agent' => 'Mozilla/5.0 (Windows NT 10.0; Win64; x64) AppleWebKit/537.36 (KHTML, like Gecko) Chrome/86.0.4240.111 Safari/537.36',
  'accept' => 'application/json, text/plain, */*',
  'content-length' => '43',
  'connection' => 'close',
  'host' => 'localhost',
)
[ info ] [ PARAM ] array (
  'offset' => '0',
  'length' => '10',
  'keyword' => '',
  'tableName' => 'admin',
  'version' => 'JD',
  'method' => 'wx_select',
)
[ info ] [ DB ] INIT mysql
[ sql ] [ DB ] CONNECT:[ UseTime:0.316581s ] mysql:host=106.54.90.60;port=3306;dbname=swm3_jiedx_club;charset=utf8
[ sql ] [ SQL ] SHOW COLUMNS FROM `yyc_admin` [ RunTime:0.189483s ]
[ sql ] [ SQL ] SELECT * FROM `yyc_admin` [ RunTime:0.215644s ]
[ sql ] [ SQL ] SELECT * FROM `yyc_admin` WHERE  `id` IS NULL [ RunTime:0.187964s ]
---------------------------------------------------------------

[2020-10-28T20:47:57+08:00] 127.0.0.1 GET www.tt.com/entrance/JD/no/admin_create
[运行时间：1.160899s] [吞吐率：0.86req/s] [内存消耗：3,100.98kb] [文件加载：80]
[ info ] [ LANG ] D:\think_php\thinkphp\lang\zh-cn.php
[ info ] [ ROUTE ] array (
  'rule' => 'entrance/<version>/no/<method>',
  'route' => 'entrance/Entrance/noentrance',
  'option' => 
  array (
    'merge_rule_regex' => false,
    'cross_domain' => true,
    'header' => 
    array (
      'Access-Control-Allow-Credentials' => 'true',
      'Access-Control-Allow-Methods' => 'GET, POST, PATCH, PUT, DELETE',
      'Access-Control-Allow-Headers' => 'Authorization, Content-Type, If-Match, If-Modified-Since, If-None-Match, If-Unmodified-Since, X-Requested-With',
      'Access-Control-Allow-Origin' => '*',
    ),
  ),
  'var' => 
  array (
    'version' => 'JD',
    'method' => 'admin_create',
  ),
)
[ info ] [ HEADER ] array (
  'cookie' => 'Hm_lvt_e325e60ca4cd358f2b424f5aecb8021a=1602761372',
  'accept-language' => 'zh-CN,zh;q=0.9',
  'accept-encoding' => 'gzip, deflate',
  'accept' => 'text/html,application/xhtml+xml,application/xml;q=0.9,image/avif,image/webp,image/apng,*/*;q=0.8,application/signed-exchange;v=b3;q=0.9',
  'user-agent' => 'Mozilla/5.0 (Windows NT 10.0; Win64; x64) AppleWebKit/537.36 (KHTML, like Gecko) Chrome/86.0.4240.111 Safari/537.36',
  'upgrade-insecure-requests' => '1',
  'connection' => 'close',
  'host' => 'www.tt.com',
)
[ info ] [ PARAM ] array (
  'version' => 'JD',
  'method' => 'admin_create',
)
[ info ] [ DB ] INIT mysql
[ sql ] [ DB ] CONNECT:[ UseTime:0.767275s ] mysql:host=106.54.90.60;port=3306;dbname=swm3_jiedx_club;charset=utf8
[ sql ] [ SQL ] SHOW COLUMNS FROM `yyc_admin` [ RunTime:0.214904s ]
[ sql ] [ SQL ] INSERT INTO `yyc_admin` (`username` , `password` , `role_id` , `user_id` , `name` , `mobile` , `remake`) VALUES (NULL , NULL , NULL , NULL , NULL , NULL , NULL) [ RunTime:0.134367s ]
---------------------------------------------------------------

[2020-10-28T20:48:19+08:00] ::1 POST localhost/entrance/JD/no/wx_select
[运行时间：0.683742s] [吞吐率：1.46req/s] [内存消耗：3,196.27kb] [文件加载：83]
[ info ] [ LANG ] D:\think_php\thinkphp\lang\zh-cn.php
[ info ] [ ROUTE ] array (
  'rule' => 'entrance/<version>/no/<method>',
  'route' => 'entrance/Entrance/noentrance',
  'option' => 
  array (
    'merge_rule_regex' => false,
    'cross_domain' => true,
    'header' => 
    array (
      'Access-Control-Allow-Credentials' => 'true',
      'Access-Control-Allow-Methods' => 'GET, POST, PATCH, PUT, DELETE',
      'Access-Control-Allow-Headers' => 'Authorization, Content-Type, If-Match, If-Modified-Since, If-None-Match, If-Unmodified-Since, X-Requested-With',
      'Access-Control-Allow-Origin' => '*',
    ),
  ),
  'var' => 
  array (
    'version' => 'JD',
    'method' => 'wx_select',
  ),
)
[ info ] [ HEADER ] array (
  'accept-language' => 'zh-CN,zh;q=0.9',
  'accept-encoding' => 'gzip, deflate, br',
  'referer' => 'http://localhost:9528/',
  'sec-fetch-dest' => 'empty',
  'sec-fetch-mode' => 'cors',
  'sec-fetch-site' => 'same-site',
  'origin' => 'http://localhost:9528',
  'content-type' => 'application/x-www-form-urlencoded',
  'user-agent' => 'Mozilla/5.0 (Windows NT 10.0; Win64; x64) AppleWebKit/537.36 (KHTML, like Gecko) Chrome/86.0.4240.111 Safari/537.36',
  'accept' => 'application/json, text/plain, */*',
  'content-length' => '43',
  'connection' => 'close',
  'host' => 'localhost',
)
[ info ] [ PARAM ] array (
  'offset' => '0',
  'length' => '10',
  'keyword' => '',
  'tableName' => 'admin',
  'version' => 'JD',
  'method' => 'wx_select',
)
[ info ] [ DB ] INIT mysql
[ sql ] [ DB ] CONNECT:[ UseTime:0.250031s ] mysql:host=106.54.90.60;port=3306;dbname=swm3_jiedx_club;charset=utf8
[ sql ] [ SQL ] SHOW COLUMNS FROM `yyc_admin` [ RunTime:0.120213s ]
[ sql ] [ SQL ] SELECT * FROM `yyc_admin` [ RunTime:0.143425s ]
[ sql ] [ SQL ] SELECT * FROM `yyc_admin` WHERE  `id` IS NULL [ RunTime:0.118780s ]
---------------------------------------------------------------

[2020-10-28T20:49:04+08:00] ::1 POST localhost/entrance/JD/no/admin_create
[运行时间：3.306673s] [吞吐率：0.30req/s] [内存消耗：3,110.54kb] [文件加载：81]
[ info ] [ LANG ] D:\think_php\thinkphp\lang\zh-cn.php
[ info ] [ ROUTE ] array (
  'rule' => 'entrance/<version>/no/<method>',
  'route' => 'entrance/Entrance/noentrance',
  'option' => 
  array (
    'merge_rule_regex' => false,
    'cross_domain' => true,
    'header' => 
    array (
      'Access-Control-Allow-Credentials' => 'true',
      'Access-Control-Allow-Methods' => 'GET, POST, PATCH, PUT, DELETE',
      'Access-Control-Allow-Headers' => 'Authorization, Content-Type, If-Match, If-Modified-Since, If-None-Match, If-Unmodified-Since, X-Requested-With',
      'Access-Control-Allow-Origin' => '*',
    ),
  ),
  'var' => 
  array (
    'version' => 'JD',
    'method' => 'admin_create',
  ),
)
[ info ] [ HEADER ] array (
  'accept-language' => 'zh-CN,zh;q=0.9',
  'accept-encoding' => 'gzip, deflate, br',
  'referer' => 'http://localhost:9528/',
  'sec-fetch-dest' => 'empty',
  'sec-fetch-mode' => 'cors',
  'sec-fetch-site' => 'same-site',
  'origin' => 'http://localhost:9528',
  'content-type' => 'application/x-www-form-urlencoded',
  'user-agent' => 'Mozilla/5.0 (Windows NT 10.0; Win64; x64) AppleWebKit/537.36 (KHTML, like Gecko) Chrome/86.0.4240.111 Safari/537.36',
  'accept' => 'application/json, text/plain, */*',
  'content-length' => '130',
  'connection' => 'close',
  'host' => 'localhost',
)
[ info ] [ PARAM ] array (
  'name' => 'dwadaw',
  'image' => '',
  'url' => '',
  'sort' => '',
  'username' => 'wdad',
  'password' => 'dwadawd',
  'role_id' => '2',
  'user_id' => '3',
  'mobile' => 'dawdawda',
  'remake' => 'dwadawdawd',
  'tableName' => 'admin',
  'version' => 'JD',
  'method' => 'admin_create',
)
[ info ] [ DB ] INIT mysql
[ sql ] [ DB ] CONNECT:[ UseTime:0.990661s ] mysql:host=106.54.90.60;port=3306;dbname=swm3_jiedx_club;charset=utf8
[ sql ] [ SQL ] SHOW COLUMNS FROM `yyc_admin` [ RunTime:0.262826s ]
[ sql ] [ SQL ] INSERT INTO `yyc_admin` (`username` , `password` , `role_id` , `user_id` , `name` , `mobile` , `remake`) VALUES ('wdad' , 'dwadawd' , 2 , 3 , 'dwadaw' , 'dawdawda' , 'dwadawdawd') [ RunTime:1.994067s ]
---------------------------------------------------------------

[2020-10-28T20:49:42+08:00] ::1 POST localhost/entrance/JD/no/wx_select
[运行时间：38.067212s] [吞吐率：0.03req/s] [内存消耗：3,196.27kb] [文件加载：83]
[ info ] [ LANG ] D:\think_php\thinkphp\lang\zh-cn.php
[ info ] [ ROUTE ] array (
  'rule' => 'entrance/<version>/no/<method>',
  'route' => 'entrance/Entrance/noentrance',
  'option' => 
  array (
    'merge_rule_regex' => false,
    'cross_domain' => true,
    'header' => 
    array (
      'Access-Control-Allow-Credentials' => 'true',
      'Access-Control-Allow-Methods' => 'GET, POST, PATCH, PUT, DELETE',
      'Access-Control-Allow-Headers' => 'Authorization, Content-Type, If-Match, If-Modified-Since, If-None-Match, If-Unmodified-Since, X-Requested-With',
      'Access-Control-Allow-Origin' => '*',
    ),
  ),
  'var' => 
  array (
    'version' => 'JD',
    'method' => 'wx_select',
  ),
)
[ info ] [ HEADER ] array (
  'accept-language' => 'zh-CN,zh;q=0.9',
  'accept-encoding' => 'gzip, deflate, br',
  'referer' => 'http://localhost:9528/',
  'sec-fetch-dest' => 'empty',
  'sec-fetch-mode' => 'cors',
  'sec-fetch-site' => 'same-site',
  'origin' => 'http://localhost:9528',
  'content-type' => 'application/x-www-form-urlencoded',
  'user-agent' => 'Mozilla/5.0 (Windows NT 10.0; Win64; x64) AppleWebKit/537.36 (KHTML, like Gecko) Chrome/86.0.4240.111 Safari/537.36',
  'accept' => 'application/json, text/plain, */*',
  'content-length' => '43',
  'connection' => 'close',
  'host' => 'localhost',
)
[ info ] [ PARAM ] array (
  'offset' => '0',
  'length' => '10',
  'keyword' => '',
  'tableName' => 'admin',
  'version' => 'JD',
  'method' => 'wx_select',
)
[ info ] [ DB ] INIT mysql
[ sql ] [ DB ] CONNECT:[ UseTime:1.668908s ] mysql:host=106.54.90.60;port=3306;dbname=swm3_jiedx_club;charset=utf8
[ sql ] [ SQL ] SHOW COLUMNS FROM `yyc_admin` [ RunTime:4.310195s ]
[ sql ] [ SQL ] SELECT * FROM `yyc_admin` [ RunTime:7.842494s ]
[ sql ] [ SQL ] SELECT * FROM `yyc_admin` WHERE  `id` IS NULL [ RunTime:24.192099s ]
---------------------------------------------------------------

[2020-10-28T20:49:57+08:00] ::1 POST localhost/entrance/JD/no/wx_select
[运行时间：1.702702s] [吞吐率：0.59req/s] [内存消耗：3,196.27kb] [文件加载：83]
[ info ] [ LANG ] D:\think_php\thinkphp\lang\zh-cn.php
[ info ] [ ROUTE ] array (
  'rule' => 'entrance/<version>/no/<method>',
  'route' => 'entrance/Entrance/noentrance',
  'option' => 
  array (
    'merge_rule_regex' => false,
    'cross_domain' => true,
    'header' => 
    array (
      'Access-Control-Allow-Credentials' => 'true',
      'Access-Control-Allow-Methods' => 'GET, POST, PATCH, PUT, DELETE',
      'Access-Control-Allow-Headers' => 'Authorization, Content-Type, If-Match, If-Modified-Since, If-None-Match, If-Unmodified-Since, X-Requested-With',
      'Access-Control-Allow-Origin' => '*',
    ),
  ),
  'var' => 
  array (
    'version' => 'JD',
    'method' => 'wx_select',
  ),
)
[ info ] [ HEADER ] array (
  'accept-language' => 'zh-CN,zh;q=0.9',
  'accept-encoding' => 'gzip, deflate, br',
  'referer' => 'http://localhost:9528/',
  'sec-fetch-dest' => 'empty',
  'sec-fetch-mode' => 'cors',
  'sec-fetch-site' => 'same-site',
  'origin' => 'http://localhost:9528',
  'content-type' => 'application/x-www-form-urlencoded',
  'user-agent' => 'Mozilla/5.0 (Windows NT 10.0; Win64; x64) AppleWebKit/537.36 (KHTML, like Gecko) Chrome/86.0.4240.111 Safari/537.36',
  'accept' => 'application/json, text/plain, */*',
  'content-length' => '43',
  'connection' => 'close',
  'host' => 'localhost',
)
[ info ] [ PARAM ] array (
  'offset' => '0',
  'length' => '10',
  'keyword' => '',
  'tableName' => 'admin',
  'version' => 'JD',
  'method' => 'wx_select',
)
[ info ] [ DB ] INIT mysql
[ sql ] [ DB ] CONNECT:[ UseTime:1.133475s ] mysql:host=106.54.90.60;port=3306;dbname=swm3_jiedx_club;charset=utf8
[ sql ] [ SQL ] SHOW COLUMNS FROM `yyc_admin` [ RunTime:0.169953s ]
[ sql ] [ SQL ] SELECT * FROM `yyc_admin` [ RunTime:0.201157s ]
[ sql ] [ SQL ] SELECT * FROM `yyc_admin` WHERE  `id` IS NULL [ RunTime:0.140652s ]
---------------------------------------------------------------

[2020-10-28T20:50:04+08:00] ::1 POST localhost/entrance/JD/no/admin_find
[运行时间：1.124301s] [吞吐率：0.89req/s] [内存消耗：3,138.22kb] [文件加载：81]
[ info ] [ LANG ] D:\think_php\thinkphp\lang\zh-cn.php
[ info ] [ ROUTE ] array (
  'rule' => 'entrance/<version>/no/<method>',
  'route' => 'entrance/Entrance/noentrance',
  'option' => 
  array (
    'merge_rule_regex' => false,
    'cross_domain' => true,
    'header' => 
    array (
      'Access-Control-Allow-Credentials' => 'true',
      'Access-Control-Allow-Methods' => 'GET, POST, PATCH, PUT, DELETE',
      'Access-Control-Allow-Headers' => 'Authorization, Content-Type, If-Match, If-Modified-Since, If-None-Match, If-Unmodified-Since, X-Requested-With',
      'Access-Control-Allow-Origin' => '*',
    ),
  ),
  'var' => 
  array (
    'version' => 'JD',
    'method' => 'admin_find',
  ),
)
[ info ] [ HEADER ] array (
  'accept-language' => 'zh-CN,zh;q=0.9',
  'accept-encoding' => 'gzip, deflate, br',
  'referer' => 'http://localhost:9528/',
  'sec-fetch-dest' => 'empty',
  'sec-fetch-mode' => 'cors',
  'sec-fetch-site' => 'same-site',
  'origin' => 'http://localhost:9528',
  'content-type' => 'application/x-www-form-urlencoded',
  'user-agent' => 'Mozilla/5.0 (Windows NT 10.0; Win64; x64) AppleWebKit/537.36 (KHTML, like Gecko) Chrome/86.0.4240.111 Safari/537.36',
  'accept' => 'application/json, text/plain, */*',
  'content-length' => '21',
  'connection' => 'close',
  'host' => 'localhost',
)
[ info ] [ PARAM ] array (
  'id' => '30',
  'tableName' => 'admin',
  'version' => 'JD',
  'method' => 'admin_find',
)
[ info ] [ DB ] INIT mysql
[ sql ] [ DB ] CONNECT:[ UseTime:0.562455s ] mysql:host=106.54.90.60;port=3306;dbname=swm3_jiedx_club;charset=utf8
[ sql ] [ SQL ] SHOW COLUMNS FROM `yyc_admin` [ RunTime:0.320189s ]
[ sql ] [ SQL ] SELECT * FROM `yyc_admin` WHERE  `id` = 30 LIMIT 1 [ RunTime:0.190138s ]
---------------------------------------------------------------

[2020-10-28T20:50:12+08:00] ::1 POST localhost/entrance/JD/no/admin_update
[运行时间：0.609817s] [吞吐率：1.64req/s] [内存消耗：3,111.27kb] [文件加载：81]
[ info ] [ LANG ] D:\think_php\thinkphp\lang\zh-cn.php
[ info ] [ ROUTE ] array (
  'rule' => 'entrance/<version>/no/<method>',
  'route' => 'entrance/Entrance/noentrance',
  'option' => 
  array (
    'merge_rule_regex' => false,
    'cross_domain' => true,
    'header' => 
    array (
      'Access-Control-Allow-Credentials' => 'true',
      'Access-Control-Allow-Methods' => 'GET, POST, PATCH, PUT, DELETE',
      'Access-Control-Allow-Headers' => 'Authorization, Content-Type, If-Match, If-Modified-Since, If-None-Match, If-Unmodified-Since, X-Requested-With',
      'Access-Control-Allow-Origin' => '*',
    ),
  ),
  'var' => 
  array (
    'version' => 'JD',
    'method' => 'admin_update',
  ),
)
[ info ] [ HEADER ] array (
  'accept-language' => 'zh-CN,zh;q=0.9',
  'accept-encoding' => 'gzip, deflate, br',
  'referer' => 'http://localhost:9528/',
  'sec-fetch-dest' => 'empty',
  'sec-fetch-mode' => 'cors',
  'sec-fetch-site' => 'same-site',
  'origin' => 'http://localhost:9528',
  'content-type' => 'application/x-www-form-urlencoded',
  'user-agent' => 'Mozilla/5.0 (Windows NT 10.0; Win64; x64) AppleWebKit/537.36 (KHTML, like Gecko) Chrome/86.0.4240.111 Safari/537.36',
  'accept' => 'application/json, text/plain, */*',
  'content-length' => '148',
  'connection' => 'close',
  'host' => 'localhost',
)
[ info ] [ PARAM ] array (
  'id' => '30',
  'username' => 'wdad',
  'password' => 'dwadawd',
  'role_id' => '2',
  'user_id' => '3',
  'name' => 'dwadaw2222',
  'mobile' => 'dawdawda',
  'remake' => 'dwadawdawd',
  'create_time' => '',
  'delete_time' => '',
  'tableName' => 'admin',
  'version' => 'JD',
  'method' => 'admin_update',
)
[ info ] [ DB ] INIT mysql
[ sql ] [ DB ] CONNECT:[ UseTime:0.250708s ] mysql:host=106.54.90.60;port=3306;dbname=swm3_jiedx_club;charset=utf8
[ sql ] [ SQL ] SHOW COLUMNS FROM `yyc_admin` [ RunTime:0.147437s ]
[ sql ] [ SQL ] UPDATE `yyc_admin`  SET `username` = 'wdad' , `password` = 'dwadawd' , `role_id` = 2 , `user_id` = 3 , `name` = 'dwadaw2222' , `mobile` = 'dawdawda' , `remake` = 'dwadawdawd'  WHERE  `id` = 30 [ RunTime:0.163700s ]
---------------------------------------------------------------

[2020-10-28T20:50:13+08:00] ::1 POST localhost/entrance/JD/no/wx_select
[运行时间：0.578029s] [吞吐率：1.73req/s] [内存消耗：3,196.27kb] [文件加载：83]
[ info ] [ LANG ] D:\think_php\thinkphp\lang\zh-cn.php
[ info ] [ ROUTE ] array (
  'rule' => 'entrance/<version>/no/<method>',
  'route' => 'entrance/Entrance/noentrance',
  'option' => 
  array (
    'merge_rule_regex' => false,
    'cross_domain' => true,
    'header' => 
    array (
      'Access-Control-Allow-Credentials' => 'true',
      'Access-Control-Allow-Methods' => 'GET, POST, PATCH, PUT, DELETE',
      'Access-Control-Allow-Headers' => 'Authorization, Content-Type, If-Match, If-Modified-Since, If-None-Match, If-Unmodified-Since, X-Requested-With',
      'Access-Control-Allow-Origin' => '*',
    ),
  ),
  'var' => 
  array (
    'version' => 'JD',
    'method' => 'wx_select',
  ),
)
[ info ] [ HEADER ] array (
  'accept-language' => 'zh-CN,zh;q=0.9',
  'accept-encoding' => 'gzip, deflate, br',
  'referer' => 'http://localhost:9528/',
  'sec-fetch-dest' => 'empty',
  'sec-fetch-mode' => 'cors',
  'sec-fetch-site' => 'same-site',
  'origin' => 'http://localhost:9528',
  'content-type' => 'application/x-www-form-urlencoded',
  'user-agent' => 'Mozilla/5.0 (Windows NT 10.0; Win64; x64) AppleWebKit/537.36 (KHTML, like Gecko) Chrome/86.0.4240.111 Safari/537.36',
  'accept' => 'application/json, text/plain, */*',
  'content-length' => '43',
  'connection' => 'close',
  'host' => 'localhost',
)
[ info ] [ PARAM ] array (
  'offset' => '0',
  'length' => '10',
  'keyword' => '',
  'tableName' => 'admin',
  'version' => 'JD',
  'method' => 'wx_select',
)
[ info ] [ DB ] INIT mysql
[ sql ] [ DB ] CONNECT:[ UseTime:0.134707s ] mysql:host=106.54.90.60;port=3306;dbname=swm3_jiedx_club;charset=utf8
[ sql ] [ SQL ] SHOW COLUMNS FROM `yyc_admin` [ RunTime:0.119192s ]
[ sql ] [ SQL ] SELECT * FROM `yyc_admin` [ RunTime:0.116829s ]
[ sql ] [ SQL ] SELECT * FROM `yyc_admin` WHERE  `id` IS NULL [ RunTime:0.158142s ]
---------------------------------------------------------------

[2020-10-28T20:50:22+08:00] ::1 POST localhost/entrance/JD/no/delete
[运行时间：0.720282s] [吞吐率：1.39req/s] [内存消耗：3,104.85kb] [文件加载：81]
[ info ] [ LANG ] D:\think_php\thinkphp\lang\zh-cn.php
[ info ] [ ROUTE ] array (
  'rule' => 'entrance/<version>/no/<method>',
  'route' => 'entrance/Entrance/noentrance',
  'option' => 
  array (
    'merge_rule_regex' => false,
    'cross_domain' => true,
    'header' => 
    array (
      'Access-Control-Allow-Credentials' => 'true',
      'Access-Control-Allow-Methods' => 'GET, POST, PATCH, PUT, DELETE',
      'Access-Control-Allow-Headers' => 'Authorization, Content-Type, If-Match, If-Modified-Since, If-None-Match, If-Unmodified-Since, X-Requested-With',
      'Access-Control-Allow-Origin' => '*',
    ),
  ),
  'var' => 
  array (
    'version' => 'JD',
    'method' => 'delete',
  ),
)
[ info ] [ HEADER ] array (
  'accept-language' => 'zh-CN,zh;q=0.9',
  'accept-encoding' => 'gzip, deflate, br',
  'referer' => 'http://localhost:9528/',
  'sec-fetch-dest' => 'empty',
  'sec-fetch-mode' => 'cors',
  'sec-fetch-site' => 'same-site',
  'origin' => 'http://localhost:9528',
  'content-type' => 'application/x-www-form-urlencoded',
  'user-agent' => 'Mozilla/5.0 (Windows NT 10.0; Win64; x64) AppleWebKit/537.36 (KHTML, like Gecko) Chrome/86.0.4240.111 Safari/537.36',
  'accept' => 'application/json, text/plain, */*',
  'content-length' => '21',
  'connection' => 'close',
  'host' => 'localhost',
)
[ info ] [ PARAM ] array (
  'id' => '29',
  'tableName' => 'admin',
  'version' => 'JD',
  'method' => 'delete',
)
[ info ] [ DB ] INIT mysql
[ sql ] [ DB ] CONNECT:[ UseTime:0.374763s ] mysql:host=106.54.90.60;port=3306;dbname=swm3_jiedx_club;charset=utf8
[ sql ] [ SQL ] SHOW COLUMNS FROM `yyc_admin` [ RunTime:0.158174s ]
[ sql ] [ SQL ] DELETE FROM `yyc_admin` WHERE  `id` = 29 [ RunTime:0.139187s ]
---------------------------------------------------------------

[2020-10-28T20:50:22+08:00] ::1 POST localhost/entrance/JD/no/wx_select
[运行时间：0.696337s] [吞吐率：1.44req/s] [内存消耗：3,196.27kb] [文件加载：83]
[ info ] [ LANG ] D:\think_php\thinkphp\lang\zh-cn.php
[ info ] [ ROUTE ] array (
  'rule' => 'entrance/<version>/no/<method>',
  'route' => 'entrance/Entrance/noentrance',
  'option' => 
  array (
    'merge_rule_regex' => false,
    'cross_domain' => true,
    'header' => 
    array (
      'Access-Control-Allow-Credentials' => 'true',
      'Access-Control-Allow-Methods' => 'GET, POST, PATCH, PUT, DELETE',
      'Access-Control-Allow-Headers' => 'Authorization, Content-Type, If-Match, If-Modified-Since, If-None-Match, If-Unmodified-Since, X-Requested-With',
      'Access-Control-Allow-Origin' => '*',
    ),
  ),
  'var' => 
  array (
    'version' => 'JD',
    'method' => 'wx_select',
  ),
)
[ info ] [ HEADER ] array (
  'accept-language' => 'zh-CN,zh;q=0.9',
  'accept-encoding' => 'gzip, deflate, br',
  'referer' => 'http://localhost:9528/',
  'sec-fetch-dest' => 'empty',
  'sec-fetch-mode' => 'cors',
  'sec-fetch-site' => 'same-site',
  'origin' => 'http://localhost:9528',
  'content-type' => 'application/x-www-form-urlencoded',
  'user-agent' => 'Mozilla/5.0 (Windows NT 10.0; Win64; x64) AppleWebKit/537.36 (KHTML, like Gecko) Chrome/86.0.4240.111 Safari/537.36',
  'accept' => 'application/json, text/plain, */*',
  'content-length' => '43',
  'connection' => 'close',
  'host' => 'localhost',
)
[ info ] [ PARAM ] array (
  'offset' => '0',
  'length' => '10',
  'keyword' => '',
  'tableName' => 'admin',
  'version' => 'JD',
  'method' => 'wx_select',
)
[ info ] [ DB ] INIT mysql
[ sql ] [ DB ] CONNECT:[ UseTime:0.269174s ] mysql:host=106.54.90.60;port=3306;dbname=swm3_jiedx_club;charset=utf8
[ sql ] [ SQL ] SHOW COLUMNS FROM `yyc_admin` [ RunTime:0.117308s ]
[ sql ] [ SQL ] SELECT * FROM `yyc_admin` [ RunTime:0.138521s ]
[ sql ] [ SQL ] SELECT * FROM `yyc_admin` WHERE  `id` IS NULL [ RunTime:0.109421s ]
---------------------------------------------------------------

[2020-10-28T20:52:37+08:00] ::1 POST localhost/entrance/JD/no/wx_select
[运行时间：0.743754s] [吞吐率：1.34req/s] [内存消耗：3,196.27kb] [文件加载：83]
[ info ] [ LANG ] D:\think_php\thinkphp\lang\zh-cn.php
[ info ] [ ROUTE ] array (
  'rule' => 'entrance/<version>/no/<method>',
  'route' => 'entrance/Entrance/noentrance',
  'option' => 
  array (
    'merge_rule_regex' => false,
    'cross_domain' => true,
    'header' => 
    array (
      'Access-Control-Allow-Credentials' => 'true',
      'Access-Control-Allow-Methods' => 'GET, POST, PATCH, PUT, DELETE',
      'Access-Control-Allow-Headers' => 'Authorization, Content-Type, If-Match, If-Modified-Since, If-None-Match, If-Unmodified-Since, X-Requested-With',
      'Access-Control-Allow-Origin' => '*',
    ),
  ),
  'var' => 
  array (
    'version' => 'JD',
    'method' => 'wx_select',
  ),
)
[ info ] [ HEADER ] array (
  'accept-language' => 'zh-CN,zh;q=0.9',
  'accept-encoding' => 'gzip, deflate, br',
  'referer' => 'http://localhost:9528/',
  'sec-fetch-dest' => 'empty',
  'sec-fetch-mode' => 'cors',
  'sec-fetch-site' => 'same-site',
  'origin' => 'http://localhost:9528',
  'content-type' => 'application/x-www-form-urlencoded',
  'user-agent' => 'Mozilla/5.0 (Windows NT 10.0; Win64; x64) AppleWebKit/537.36 (KHTML, like Gecko) Chrome/86.0.4240.111 Safari/537.36',
  'accept' => 'application/json, text/plain, */*',
  'content-length' => '43',
  'connection' => 'close',
  'host' => 'localhost',
)
[ info ] [ PARAM ] array (
  'offset' => '0',
  'length' => '10',
  'keyword' => '',
  'tableName' => 'admin',
  'version' => 'JD',
  'method' => 'wx_select',
)
[ info ] [ DB ] INIT mysql
[ sql ] [ DB ] CONNECT:[ UseTime:0.224410s ] mysql:host=106.54.90.60;port=3306;dbname=swm3_jiedx_club;charset=utf8
[ sql ] [ SQL ] SHOW COLUMNS FROM `yyc_admin` [ RunTime:0.151202s ]
[ sql ] [ SQL ] SELECT * FROM `yyc_admin` [ RunTime:0.163739s ]
[ sql ] [ SQL ] SELECT * FROM `yyc_admin` WHERE  `id` IS NULL [ RunTime:0.144422s ]
---------------------------------------------------------------

[2020-10-28T20:55:16+08:00] ::1 POST localhost/entrance/JD/no/wx_select
[运行时间：1.271579s] [吞吐率：0.79req/s] [内存消耗：3,196.27kb] [文件加载：83]
[ info ] [ LANG ] D:\think_php\thinkphp\lang\zh-cn.php
[ info ] [ ROUTE ] array (
  'rule' => 'entrance/<version>/no/<method>',
  'route' => 'entrance/Entrance/noentrance',
  'option' => 
  array (
    'merge_rule_regex' => false,
    'cross_domain' => true,
    'header' => 
    array (
      'Access-Control-Allow-Credentials' => 'true',
      'Access-Control-Allow-Methods' => 'GET, POST, PATCH, PUT, DELETE',
      'Access-Control-Allow-Headers' => 'Authorization, Content-Type, If-Match, If-Modified-Since, If-None-Match, If-Unmodified-Since, X-Requested-With',
      'Access-Control-Allow-Origin' => '*',
    ),
  ),
  'var' => 
  array (
    'version' => 'JD',
    'method' => 'wx_select',
  ),
)
[ info ] [ HEADER ] array (
  'accept-language' => 'zh-CN,zh;q=0.9',
  'accept-encoding' => 'gzip, deflate, br',
  'referer' => 'http://localhost:9528/',
  'sec-fetch-dest' => 'empty',
  'sec-fetch-mode' => 'cors',
  'sec-fetch-site' => 'same-site',
  'origin' => 'http://localhost:9528',
  'content-type' => 'application/x-www-form-urlencoded',
  'user-agent' => 'Mozilla/5.0 (Windows NT 10.0; Win64; x64) AppleWebKit/537.36 (KHTML, like Gecko) Chrome/86.0.4240.111 Safari/537.36',
  'accept' => 'application/json, text/plain, */*',
  'content-length' => '43',
  'connection' => 'close',
  'host' => 'localhost',
)
[ info ] [ PARAM ] array (
  'offset' => '0',
  'length' => '10',
  'keyword' => '',
  'tableName' => 'admin',
  'version' => 'JD',
  'method' => 'wx_select',
)
[ info ] [ DB ] INIT mysql
[ sql ] [ DB ] CONNECT:[ UseTime:0.301335s ] mysql:host=106.54.90.60;port=3306;dbname=swm3_jiedx_club;charset=utf8
[ sql ] [ SQL ] SHOW COLUMNS FROM `yyc_admin` [ RunTime:0.267547s ]
[ sql ] [ SQL ] SELECT * FROM `yyc_admin` [ RunTime:0.178404s ]
[ sql ] [ SQL ] SELECT * FROM `yyc_admin` WHERE  `id` IS NULL [ RunTime:0.445798s ]
---------------------------------------------------------------

[2020-10-28T20:56:03+08:00] ::1 POST localhost/entrance/JD/no/wx_select
[运行时间：0.987257s] [吞吐率：1.01req/s] [内存消耗：3,196.27kb] [文件加载：83]
[ info ] [ LANG ] D:\think_php\thinkphp\lang\zh-cn.php
[ info ] [ ROUTE ] array (
  'rule' => 'entrance/<version>/no/<method>',
  'route' => 'entrance/Entrance/noentrance',
  'option' => 
  array (
    'merge_rule_regex' => false,
    'cross_domain' => true,
    'header' => 
    array (
      'Access-Control-Allow-Credentials' => 'true',
      'Access-Control-Allow-Methods' => 'GET, POST, PATCH, PUT, DELETE',
      'Access-Control-Allow-Headers' => 'Authorization, Content-Type, If-Match, If-Modified-Since, If-None-Match, If-Unmodified-Since, X-Requested-With',
      'Access-Control-Allow-Origin' => '*',
    ),
  ),
  'var' => 
  array (
    'version' => 'JD',
    'method' => 'wx_select',
  ),
)
[ info ] [ HEADER ] array (
  'accept-language' => 'zh-CN,zh;q=0.9',
  'accept-encoding' => 'gzip, deflate, br',
  'referer' => 'http://localhost:9528/',
  'sec-fetch-dest' => 'empty',
  'sec-fetch-mode' => 'cors',
  'sec-fetch-site' => 'same-site',
  'origin' => 'http://localhost:9528',
  'content-type' => 'application/x-www-form-urlencoded',
  'user-agent' => 'Mozilla/5.0 (Windows NT 10.0; Win64; x64) AppleWebKit/537.36 (KHTML, like Gecko) Chrome/86.0.4240.111 Safari/537.36',
  'accept' => 'application/json, text/plain, */*',
  'content-length' => '43',
  'connection' => 'close',
  'host' => 'localhost',
)
[ info ] [ PARAM ] array (
  'offset' => '0',
  'length' => '10',
  'keyword' => '',
  'tableName' => 'admin',
  'version' => 'JD',
  'method' => 'wx_select',
)
[ info ] [ DB ] INIT mysql
[ sql ] [ DB ] CONNECT:[ UseTime:0.331087s ] mysql:host=106.54.90.60;port=3306;dbname=swm3_jiedx_club;charset=utf8
[ sql ] [ SQL ] SHOW COLUMNS FROM `yyc_admin` [ RunTime:0.245082s ]
[ sql ] [ SQL ] SELECT * FROM `yyc_admin` [ RunTime:0.233208s ]
[ sql ] [ SQL ] SELECT * FROM `yyc_admin` WHERE  `id` IS NULL [ RunTime:0.113805s ]
---------------------------------------------------------------

[2020-10-28T20:56:15+08:00] ::1 POST localhost/entrance/JD/no/wx_select
[运行时间：0.633158s] [吞吐率：1.58req/s] [内存消耗：3,196.27kb] [文件加载：83]
[ info ] [ LANG ] D:\think_php\thinkphp\lang\zh-cn.php
[ info ] [ ROUTE ] array (
  'rule' => 'entrance/<version>/no/<method>',
  'route' => 'entrance/Entrance/noentrance',
  'option' => 
  array (
    'merge_rule_regex' => false,
    'cross_domain' => true,
    'header' => 
    array (
      'Access-Control-Allow-Credentials' => 'true',
      'Access-Control-Allow-Methods' => 'GET, POST, PATCH, PUT, DELETE',
      'Access-Control-Allow-Headers' => 'Authorization, Content-Type, If-Match, If-Modified-Since, If-None-Match, If-Unmodified-Since, X-Requested-With',
      'Access-Control-Allow-Origin' => '*',
    ),
  ),
  'var' => 
  array (
    'version' => 'JD',
    'method' => 'wx_select',
  ),
)
[ info ] [ HEADER ] array (
  'accept-language' => 'zh-CN,zh;q=0.9',
  'accept-encoding' => 'gzip, deflate, br',
  'referer' => 'http://localhost:9528/',
  'sec-fetch-dest' => 'empty',
  'sec-fetch-mode' => 'cors',
  'sec-fetch-site' => 'same-site',
  'origin' => 'http://localhost:9528',
  'content-type' => 'application/x-www-form-urlencoded',
  'user-agent' => 'Mozilla/5.0 (Windows NT 10.0; Win64; x64) AppleWebKit/537.36 (KHTML, like Gecko) Chrome/86.0.4240.111 Safari/537.36',
  'accept' => 'application/json, text/plain, */*',
  'content-length' => '43',
  'connection' => 'close',
  'host' => 'localhost',
)
[ info ] [ PARAM ] array (
  'offset' => '0',
  'length' => '10',
  'keyword' => '',
  'tableName' => 'admin',
  'version' => 'JD',
  'method' => 'wx_select',
)
[ info ] [ DB ] INIT mysql
[ sql ] [ DB ] CONNECT:[ UseTime:0.195091s ] mysql:host=106.54.90.60;port=3306;dbname=swm3_jiedx_club;charset=utf8
[ sql ] [ SQL ] SHOW COLUMNS FROM `yyc_admin` [ RunTime:0.120087s ]
[ sql ] [ SQL ] SELECT * FROM `yyc_admin` [ RunTime:0.125539s ]
[ sql ] [ SQL ] SELECT * FROM `yyc_admin` WHERE  `id` IS NULL [ RunTime:0.120717s ]
---------------------------------------------------------------

[2020-10-28T20:56:52+08:00] ::1 POST localhost/entrance/JD/no/wx_select
[运行时间：1.010199s] [吞吐率：0.99req/s] [内存消耗：3,196.27kb] [文件加载：83]
[ info ] [ LANG ] D:\think_php\thinkphp\lang\zh-cn.php
[ info ] [ ROUTE ] array (
  'rule' => 'entrance/<version>/no/<method>',
  'route' => 'entrance/Entrance/noentrance',
  'option' => 
  array (
    'merge_rule_regex' => false,
    'cross_domain' => true,
    'header' => 
    array (
      'Access-Control-Allow-Credentials' => 'true',
      'Access-Control-Allow-Methods' => 'GET, POST, PATCH, PUT, DELETE',
      'Access-Control-Allow-Headers' => 'Authorization, Content-Type, If-Match, If-Modified-Since, If-None-Match, If-Unmodified-Since, X-Requested-With',
      'Access-Control-Allow-Origin' => '*',
    ),
  ),
  'var' => 
  array (
    'version' => 'JD',
    'method' => 'wx_select',
  ),
)
[ info ] [ HEADER ] array (
  'accept-language' => 'zh-CN,zh;q=0.9',
  'accept-encoding' => 'gzip, deflate, br',
  'referer' => 'http://localhost:9528/',
  'sec-fetch-dest' => 'empty',
  'sec-fetch-mode' => 'cors',
  'sec-fetch-site' => 'same-site',
  'origin' => 'http://localhost:9528',
  'content-type' => 'application/x-www-form-urlencoded',
  'user-agent' => 'Mozilla/5.0 (Windows NT 10.0; Win64; x64) AppleWebKit/537.36 (KHTML, like Gecko) Chrome/86.0.4240.111 Safari/537.36',
  'accept' => 'application/json, text/plain, */*',
  'content-length' => '43',
  'connection' => 'close',
  'host' => 'localhost',
)
[ info ] [ PARAM ] array (
  'offset' => '0',
  'length' => '10',
  'keyword' => '',
  'tableName' => 'admin',
  'version' => 'JD',
  'method' => 'wx_select',
)
[ info ] [ DB ] INIT mysql
[ sql ] [ DB ] CONNECT:[ UseTime:0.352505s ] mysql:host=106.54.90.60;port=3306;dbname=swm3_jiedx_club;charset=utf8
[ sql ] [ SQL ] SHOW COLUMNS FROM `yyc_admin` [ RunTime:0.265636s ]
[ sql ] [ SQL ] SELECT * FROM `yyc_admin` [ RunTime:0.140610s ]
[ sql ] [ SQL ] SELECT * FROM `yyc_admin` WHERE  `id` IS NULL [ RunTime:0.182295s ]
---------------------------------------------------------------

[2020-10-28T20:59:56+08:00] ::1 POST localhost/entrance/JD/no/wx_select
[运行时间：0.828269s] [吞吐率：1.21req/s] [内存消耗：3,196.27kb] [文件加载：83]
[ info ] [ LANG ] D:\think_php\thinkphp\lang\zh-cn.php
[ info ] [ ROUTE ] array (
  'rule' => 'entrance/<version>/no/<method>',
  'route' => 'entrance/Entrance/noentrance',
  'option' => 
  array (
    'merge_rule_regex' => false,
    'cross_domain' => true,
    'header' => 
    array (
      'Access-Control-Allow-Credentials' => 'true',
      'Access-Control-Allow-Methods' => 'GET, POST, PATCH, PUT, DELETE',
      'Access-Control-Allow-Headers' => 'Authorization, Content-Type, If-Match, If-Modified-Since, If-None-Match, If-Unmodified-Since, X-Requested-With',
      'Access-Control-Allow-Origin' => '*',
    ),
  ),
  'var' => 
  array (
    'version' => 'JD',
    'method' => 'wx_select',
  ),
)
[ info ] [ HEADER ] array (
  'accept-language' => 'zh-CN,zh;q=0.9',
  'accept-encoding' => 'gzip, deflate, br',
  'referer' => 'http://localhost:9528/',
  'sec-fetch-dest' => 'empty',
  'sec-fetch-mode' => 'cors',
  'sec-fetch-site' => 'same-site',
  'origin' => 'http://localhost:9528',
  'content-type' => 'application/x-www-form-urlencoded',
  'user-agent' => 'Mozilla/5.0 (Windows NT 10.0; Win64; x64) AppleWebKit/537.36 (KHTML, like Gecko) Chrome/86.0.4240.111 Safari/537.36',
  'accept' => 'application/json, text/plain, */*',
  'content-length' => '43',
  'connection' => 'close',
  'host' => 'localhost',
)
[ info ] [ PARAM ] array (
  'offset' => '0',
  'length' => '10',
  'keyword' => '',
  'tableName' => 'admin',
  'version' => 'JD',
  'method' => 'wx_select',
)
[ info ] [ DB ] INIT mysql
[ sql ] [ DB ] CONNECT:[ UseTime:0.308166s ] mysql:host=106.54.90.60;port=3306;dbname=swm3_jiedx_club;charset=utf8
[ sql ] [ SQL ] SHOW COLUMNS FROM `yyc_admin` [ RunTime:0.161247s ]
[ sql ] [ SQL ] SELECT * FROM `yyc_admin` [ RunTime:0.134705s ]
[ sql ] [ SQL ] SELECT * FROM `yyc_admin` WHERE  `id` IS NULL [ RunTime:0.133111s ]
---------------------------------------------------------------

[2020-10-28T21:00:43+08:00] ::1 POST localhost/entrance/JD/no/wx_select
[运行时间：1.056713s] [吞吐率：0.95req/s] [内存消耗：3,196.27kb] [文件加载：83]
[ info ] [ LANG ] D:\think_php\thinkphp\lang\zh-cn.php
[ info ] [ ROUTE ] array (
  'rule' => 'entrance/<version>/no/<method>',
  'route' => 'entrance/Entrance/noentrance',
  'option' => 
  array (
    'merge_rule_regex' => false,
    'cross_domain' => true,
    'header' => 
    array (
      'Access-Control-Allow-Credentials' => 'true',
      'Access-Control-Allow-Methods' => 'GET, POST, PATCH, PUT, DELETE',
      'Access-Control-Allow-Headers' => 'Authorization, Content-Type, If-Match, If-Modified-Since, If-None-Match, If-Unmodified-Since, X-Requested-With',
      'Access-Control-Allow-Origin' => '*',
    ),
  ),
  'var' => 
  array (
    'version' => 'JD',
    'method' => 'wx_select',
  ),
)
[ info ] [ HEADER ] array (
  'accept-language' => 'zh-CN,zh;q=0.9',
  'accept-encoding' => 'gzip, deflate, br',
  'referer' => 'http://localhost:9528/',
  'sec-fetch-dest' => 'empty',
  'sec-fetch-mode' => 'cors',
  'sec-fetch-site' => 'same-site',
  'origin' => 'http://localhost:9528',
  'content-type' => 'application/x-www-form-urlencoded',
  'user-agent' => 'Mozilla/5.0 (Windows NT 10.0; Win64; x64) AppleWebKit/537.36 (KHTML, like Gecko) Chrome/86.0.4240.111 Safari/537.36',
  'accept' => 'application/json, text/plain, */*',
  'content-length' => '43',
  'connection' => 'close',
  'host' => 'localhost',
)
[ info ] [ PARAM ] array (
  'offset' => '0',
  'length' => '10',
  'keyword' => '',
  'tableName' => 'admin',
  'version' => 'JD',
  'method' => 'wx_select',
)
[ info ] [ DB ] INIT mysql
[ sql ] [ DB ] CONNECT:[ UseTime:0.416209s ] mysql:host=106.54.90.60;port=3306;dbname=swm3_jiedx_club;charset=utf8
[ sql ] [ SQL ] SHOW COLUMNS FROM `yyc_admin` [ RunTime:0.263595s ]
[ sql ] [ SQL ] SELECT * FROM `yyc_admin` [ RunTime:0.128763s ]
[ sql ] [ SQL ] SELECT * FROM `yyc_admin` WHERE  `id` IS NULL [ RunTime:0.186978s ]
---------------------------------------------------------------

[2020-10-28T21:02:16+08:00] ::1 POST localhost/entrance/JD/no/wx_select
[运行时间：0.646355s] [吞吐率：1.55req/s] [内存消耗：3,196.27kb] [文件加载：83]
[ info ] [ LANG ] D:\think_php\thinkphp\lang\zh-cn.php
[ info ] [ ROUTE ] array (
  'rule' => 'entrance/<version>/no/<method>',
  'route' => 'entrance/Entrance/noentrance',
  'option' => 
  array (
    'merge_rule_regex' => false,
    'cross_domain' => true,
    'header' => 
    array (
      'Access-Control-Allow-Credentials' => 'true',
      'Access-Control-Allow-Methods' => 'GET, POST, PATCH, PUT, DELETE',
      'Access-Control-Allow-Headers' => 'Authorization, Content-Type, If-Match, If-Modified-Since, If-None-Match, If-Unmodified-Since, X-Requested-With',
      'Access-Control-Allow-Origin' => '*',
    ),
  ),
  'var' => 
  array (
    'version' => 'JD',
    'method' => 'wx_select',
  ),
)
[ info ] [ HEADER ] array (
  'accept-language' => 'zh-CN,zh;q=0.9',
  'accept-encoding' => 'gzip, deflate, br',
  'referer' => 'http://localhost:9528/',
  'sec-fetch-dest' => 'empty',
  'sec-fetch-mode' => 'cors',
  'sec-fetch-site' => 'same-site',
  'origin' => 'http://localhost:9528',
  'content-type' => 'application/x-www-form-urlencoded',
  'user-agent' => 'Mozilla/5.0 (Windows NT 10.0; Win64; x64) AppleWebKit/537.36 (KHTML, like Gecko) Chrome/86.0.4240.111 Safari/537.36',
  'accept' => 'application/json, text/plain, */*',
  'content-length' => '43',
  'connection' => 'close',
  'host' => 'localhost',
)
[ info ] [ PARAM ] array (
  'offset' => '0',
  'length' => '10',
  'keyword' => '',
  'tableName' => 'admin',
  'version' => 'JD',
  'method' => 'wx_select',
)
[ info ] [ DB ] INIT mysql
[ sql ] [ DB ] CONNECT:[ UseTime:0.250684s ] mysql:host=106.54.90.60;port=3306;dbname=swm3_jiedx_club;charset=utf8
[ sql ] [ SQL ] SHOW COLUMNS FROM `yyc_admin` [ RunTime:0.148474s ]
[ sql ] [ SQL ] SELECT * FROM `yyc_admin` [ RunTime:0.089636s ]
[ sql ] [ SQL ] SELECT * FROM `yyc_admin` WHERE  `id` IS NULL [ RunTime:0.089340s ]
---------------------------------------------------------------

[2020-10-28T21:03:15+08:00] ::1 POST localhost/entrance/JD/no/wx_select
[运行时间：0.512569s] [吞吐率：1.95req/s] [内存消耗：3,196.27kb] [文件加载：83]
[ info ] [ LANG ] D:\think_php\thinkphp\lang\zh-cn.php
[ info ] [ ROUTE ] array (
  'rule' => 'entrance/<version>/no/<method>',
  'route' => 'entrance/Entrance/noentrance',
  'option' => 
  array (
    'merge_rule_regex' => false,
    'cross_domain' => true,
    'header' => 
    array (
      'Access-Control-Allow-Credentials' => 'true',
      'Access-Control-Allow-Methods' => 'GET, POST, PATCH, PUT, DELETE',
      'Access-Control-Allow-Headers' => 'Authorization, Content-Type, If-Match, If-Modified-Since, If-None-Match, If-Unmodified-Since, X-Requested-With',
      'Access-Control-Allow-Origin' => '*',
    ),
  ),
  'var' => 
  array (
    'version' => 'JD',
    'method' => 'wx_select',
  ),
)
[ info ] [ HEADER ] array (
  'accept-language' => 'zh-CN,zh;q=0.9',
  'accept-encoding' => 'gzip, deflate, br',
  'referer' => 'http://localhost:9528/',
  'sec-fetch-dest' => 'empty',
  'sec-fetch-mode' => 'cors',
  'sec-fetch-site' => 'same-site',
  'origin' => 'http://localhost:9528',
  'content-type' => 'application/x-www-form-urlencoded',
  'user-agent' => 'Mozilla/5.0 (Windows NT 10.0; Win64; x64) AppleWebKit/537.36 (KHTML, like Gecko) Chrome/86.0.4240.111 Safari/537.36',
  'accept' => 'application/json, text/plain, */*',
  'content-length' => '43',
  'connection' => 'close',
  'host' => 'localhost',
)
[ info ] [ PARAM ] array (
  'offset' => '0',
  'length' => '10',
  'keyword' => '',
  'tableName' => 'admin',
  'version' => 'JD',
  'method' => 'wx_select',
)
[ info ] [ DB ] INIT mysql
[ sql ] [ DB ] CONNECT:[ UseTime:0.152958s ] mysql:host=106.54.90.60;port=3306;dbname=swm3_jiedx_club;charset=utf8
[ sql ] [ SQL ] SHOW COLUMNS FROM `yyc_admin` [ RunTime:0.108341s ]
[ sql ] [ SQL ] SELECT * FROM `yyc_admin` [ RunTime:0.109145s ]
[ sql ] [ SQL ] SELECT * FROM `yyc_admin` WHERE  `id` IS NULL [ RunTime:0.084102s ]
---------------------------------------------------------------

[2020-10-28T21:03:32+08:00] ::1 POST localhost/entrance/JD/no/wx_select
[运行时间：0.633057s] [吞吐率：1.58req/s] [内存消耗：3,196.27kb] [文件加载：83]
[ info ] [ LANG ] D:\think_php\thinkphp\lang\zh-cn.php
[ info ] [ ROUTE ] array (
  'rule' => 'entrance/<version>/no/<method>',
  'route' => 'entrance/Entrance/noentrance',
  'option' => 
  array (
    'merge_rule_regex' => false,
    'cross_domain' => true,
    'header' => 
    array (
      'Access-Control-Allow-Credentials' => 'true',
      'Access-Control-Allow-Methods' => 'GET, POST, PATCH, PUT, DELETE',
      'Access-Control-Allow-Headers' => 'Authorization, Content-Type, If-Match, If-Modified-Since, If-None-Match, If-Unmodified-Since, X-Requested-With',
      'Access-Control-Allow-Origin' => '*',
    ),
  ),
  'var' => 
  array (
    'version' => 'JD',
    'method' => 'wx_select',
  ),
)
[ info ] [ HEADER ] array (
  'accept-language' => 'zh-CN,zh;q=0.9',
  'accept-encoding' => 'gzip, deflate, br',
  'referer' => 'http://localhost:9528/',
  'sec-fetch-dest' => 'empty',
  'sec-fetch-mode' => 'cors',
  'sec-fetch-site' => 'same-site',
  'origin' => 'http://localhost:9528',
  'content-type' => 'application/x-www-form-urlencoded',
  'user-agent' => 'Mozilla/5.0 (Windows NT 10.0; Win64; x64) AppleWebKit/537.36 (KHTML, like Gecko) Chrome/86.0.4240.111 Safari/537.36',
  'accept' => 'application/json, text/plain, */*',
  'content-length' => '43',
  'connection' => 'close',
  'host' => 'localhost',
)
[ info ] [ PARAM ] array (
  'offset' => '0',
  'length' => '10',
  'keyword' => '',
  'tableName' => 'admin',
  'version' => 'JD',
  'method' => 'wx_select',
)
[ info ] [ DB ] INIT mysql
[ sql ] [ DB ] CONNECT:[ UseTime:0.157829s ] mysql:host=106.54.90.60;port=3306;dbname=swm3_jiedx_club;charset=utf8
[ sql ] [ SQL ] SHOW COLUMNS FROM `yyc_admin` [ RunTime:0.134796s ]
[ sql ] [ SQL ] SELECT * FROM `yyc_admin` [ RunTime:0.099302s ]
[ sql ] [ SQL ] SELECT * FROM `yyc_admin` WHERE  `id` IS NULL [ RunTime:0.154745s ]
---------------------------------------------------------------

[2020-10-28T21:03:36+08:00] ::1 POST localhost/entrance/JD/no/wx_select
[运行时间：0.538128s] [吞吐率：1.86req/s] [内存消耗：3,196.27kb] [文件加载：83]
[ info ] [ LANG ] D:\think_php\thinkphp\lang\zh-cn.php
[ info ] [ ROUTE ] array (
  'rule' => 'entrance/<version>/no/<method>',
  'route' => 'entrance/Entrance/noentrance',
  'option' => 
  array (
    'merge_rule_regex' => false,
    'cross_domain' => true,
    'header' => 
    array (
      'Access-Control-Allow-Credentials' => 'true',
      'Access-Control-Allow-Methods' => 'GET, POST, PATCH, PUT, DELETE',
      'Access-Control-Allow-Headers' => 'Authorization, Content-Type, If-Match, If-Modified-Since, If-None-Match, If-Unmodified-Since, X-Requested-With',
      'Access-Control-Allow-Origin' => '*',
    ),
  ),
  'var' => 
  array (
    'version' => 'JD',
    'method' => 'wx_select',
  ),
)
[ info ] [ HEADER ] array (
  'accept-language' => 'zh-CN,zh;q=0.9',
  'accept-encoding' => 'gzip, deflate, br',
  'referer' => 'http://localhost:9528/',
  'sec-fetch-dest' => 'empty',
  'sec-fetch-mode' => 'cors',
  'sec-fetch-site' => 'same-site',
  'origin' => 'http://localhost:9528',
  'content-type' => 'application/x-www-form-urlencoded',
  'user-agent' => 'Mozilla/5.0 (Windows NT 10.0; Win64; x64) AppleWebKit/537.36 (KHTML, like Gecko) Chrome/86.0.4240.111 Safari/537.36',
  'accept' => 'application/json, text/plain, */*',
  'content-length' => '43',
  'connection' => 'close',
  'host' => 'localhost',
)
[ info ] [ PARAM ] array (
  'offset' => '0',
  'length' => '10',
  'keyword' => '',
  'tableName' => 'admin',
  'version' => 'JD',
  'method' => 'wx_select',
)
[ info ] [ DB ] INIT mysql
[ sql ] [ DB ] CONNECT:[ UseTime:0.140828s ] mysql:host=106.54.90.60;port=3306;dbname=swm3_jiedx_club;charset=utf8
[ sql ] [ SQL ] SHOW COLUMNS FROM `yyc_admin` [ RunTime:0.177668s ]
[ sql ] [ SQL ] SELECT * FROM `yyc_admin` [ RunTime:0.085837s ]
[ sql ] [ SQL ] SELECT * FROM `yyc_admin` WHERE  `id` IS NULL [ RunTime:0.080484s ]
---------------------------------------------------------------

[2020-10-28T21:05:05+08:00] ::1 POST localhost/entrance/JD/no/wx_select
[运行时间：0.483135s] [吞吐率：2.07req/s] [内存消耗：3,196.27kb] [文件加载：83]
[ info ] [ LANG ] D:\think_php\thinkphp\lang\zh-cn.php
[ info ] [ ROUTE ] array (
  'rule' => 'entrance/<version>/no/<method>',
  'route' => 'entrance/Entrance/noentrance',
  'option' => 
  array (
    'merge_rule_regex' => false,
    'cross_domain' => true,
    'header' => 
    array (
      'Access-Control-Allow-Credentials' => 'true',
      'Access-Control-Allow-Methods' => 'GET, POST, PATCH, PUT, DELETE',
      'Access-Control-Allow-Headers' => 'Authorization, Content-Type, If-Match, If-Modified-Since, If-None-Match, If-Unmodified-Since, X-Requested-With',
      'Access-Control-Allow-Origin' => '*',
    ),
  ),
  'var' => 
  array (
    'version' => 'JD',
    'method' => 'wx_select',
  ),
)
[ info ] [ HEADER ] array (
  'accept-language' => 'zh-CN,zh;q=0.9',
  'accept-encoding' => 'gzip, deflate, br',
  'referer' => 'http://localhost:9528/',
  'sec-fetch-dest' => 'empty',
  'sec-fetch-mode' => 'cors',
  'sec-fetch-site' => 'same-site',
  'origin' => 'http://localhost:9528',
  'content-type' => 'application/x-www-form-urlencoded',
  'user-agent' => 'Mozilla/5.0 (Windows NT 10.0; Win64; x64) AppleWebKit/537.36 (KHTML, like Gecko) Chrome/86.0.4240.111 Safari/537.36',
  'accept' => 'application/json, text/plain, */*',
  'content-length' => '43',
  'connection' => 'close',
  'host' => 'localhost',
)
[ info ] [ PARAM ] array (
  'offset' => '0',
  'length' => '10',
  'keyword' => '',
  'tableName' => 'admin',
  'version' => 'JD',
  'method' => 'wx_select',
)
[ info ] [ DB ] INIT mysql
[ sql ] [ DB ] CONNECT:[ UseTime:0.127841s ] mysql:host=106.54.90.60;port=3306;dbname=swm3_jiedx_club;charset=utf8
[ sql ] [ SQL ] SHOW COLUMNS FROM `yyc_admin` [ RunTime:0.105368s ]
[ sql ] [ SQL ] SELECT * FROM `yyc_admin` [ RunTime:0.080907s ]
[ sql ] [ SQL ] SELECT * FROM `yyc_admin` WHERE  `id` IS NULL [ RunTime:0.101017s ]
---------------------------------------------------------------

[2020-10-28T21:05:25+08:00] ::1 POST localhost/entrance/JD/no/wx_select
[运行时间：0.490411s] [吞吐率：2.04req/s] [内存消耗：3,196.27kb] [文件加载：83]
[ info ] [ LANG ] D:\think_php\thinkphp\lang\zh-cn.php
[ info ] [ ROUTE ] array (
  'rule' => 'entrance/<version>/no/<method>',
  'route' => 'entrance/Entrance/noentrance',
  'option' => 
  array (
    'merge_rule_regex' => false,
    'cross_domain' => true,
    'header' => 
    array (
      'Access-Control-Allow-Credentials' => 'true',
      'Access-Control-Allow-Methods' => 'GET, POST, PATCH, PUT, DELETE',
      'Access-Control-Allow-Headers' => 'Authorization, Content-Type, If-Match, If-Modified-Since, If-None-Match, If-Unmodified-Since, X-Requested-With',
      'Access-Control-Allow-Origin' => '*',
    ),
  ),
  'var' => 
  array (
    'version' => 'JD',
    'method' => 'wx_select',
  ),
)
[ info ] [ HEADER ] array (
  'accept-language' => 'zh-CN,zh;q=0.9',
  'accept-encoding' => 'gzip, deflate, br',
  'referer' => 'http://localhost:9528/',
  'sec-fetch-dest' => 'empty',
  'sec-fetch-mode' => 'cors',
  'sec-fetch-site' => 'same-site',
  'origin' => 'http://localhost:9528',
  'content-type' => 'application/x-www-form-urlencoded',
  'user-agent' => 'Mozilla/5.0 (Windows NT 10.0; Win64; x64) AppleWebKit/537.36 (KHTML, like Gecko) Chrome/86.0.4240.111 Safari/537.36',
  'accept' => 'application/json, text/plain, */*',
  'content-length' => '43',
  'connection' => 'close',
  'host' => 'localhost',
)
[ info ] [ PARAM ] array (
  'offset' => '0',
  'length' => '10',
  'keyword' => '',
  'tableName' => 'admin',
  'version' => 'JD',
  'method' => 'wx_select',
)
[ info ] [ DB ] INIT mysql
[ sql ] [ DB ] CONNECT:[ UseTime:0.140675s ] mysql:host=106.54.90.60;port=3306;dbname=swm3_jiedx_club;charset=utf8
[ sql ] [ SQL ] SHOW COLUMNS FROM `yyc_admin` [ RunTime:0.090883s ]
[ sql ] [ SQL ] SELECT * FROM `yyc_admin` [ RunTime:0.119983s ]
[ sql ] [ SQL ] SELECT * FROM `yyc_admin` WHERE  `id` IS NULL [ RunTime:0.080576s ]
---------------------------------------------------------------

[2020-10-28T21:07:23+08:00] ::1 POST localhost/entrance/JD/no/wx_select
[运行时间：2.266857s] [吞吐率：0.44req/s] [内存消耗：3,196.27kb] [文件加载：83]
[ info ] [ LANG ] D:\think_php\thinkphp\lang\zh-cn.php
[ info ] [ ROUTE ] array (
  'rule' => 'entrance/<version>/no/<method>',
  'route' => 'entrance/Entrance/noentrance',
  'option' => 
  array (
    'merge_rule_regex' => false,
    'cross_domain' => true,
    'header' => 
    array (
      'Access-Control-Allow-Credentials' => 'true',
      'Access-Control-Allow-Methods' => 'GET, POST, PATCH, PUT, DELETE',
      'Access-Control-Allow-Headers' => 'Authorization, Content-Type, If-Match, If-Modified-Since, If-None-Match, If-Unmodified-Since, X-Requested-With',
      'Access-Control-Allow-Origin' => '*',
    ),
  ),
  'var' => 
  array (
    'version' => 'JD',
    'method' => 'wx_select',
  ),
)
[ info ] [ HEADER ] array (
  'accept-language' => 'zh-CN,zh;q=0.9',
  'accept-encoding' => 'gzip, deflate, br',
  'referer' => 'http://localhost:9528/',
  'sec-fetch-dest' => 'empty',
  'sec-fetch-mode' => 'cors',
  'sec-fetch-site' => 'same-site',
  'origin' => 'http://localhost:9528',
  'content-type' => 'application/x-www-form-urlencoded',
  'user-agent' => 'Mozilla/5.0 (Windows NT 10.0; Win64; x64) AppleWebKit/537.36 (KHTML, like Gecko) Chrome/86.0.4240.111 Safari/537.36',
  'accept' => 'application/json, text/plain, */*',
  'content-length' => '43',
  'connection' => 'close',
  'host' => 'localhost',
)
[ info ] [ PARAM ] array (
  'offset' => '0',
  'length' => '10',
  'keyword' => '',
  'tableName' => 'admin',
  'version' => 'JD',
  'method' => 'wx_select',
)
[ info ] [ DB ] INIT mysql
[ sql ] [ DB ] CONNECT:[ UseTime:1.480815s ] mysql:host=106.54.90.60;port=3306;dbname=swm3_jiedx_club;charset=utf8
[ sql ] [ SQL ] SHOW COLUMNS FROM `yyc_admin` [ RunTime:0.230407s ]
[ sql ] [ SQL ] SELECT * FROM `yyc_admin` [ RunTime:0.228229s ]
[ sql ] [ SQL ] SELECT * FROM `yyc_admin` WHERE  `id` IS NULL [ RunTime:0.275822s ]
---------------------------------------------------------------

[2020-10-28T21:12:54+08:00] ::1 POST localhost/entrance/JD/no/wx_select
[运行时间：0.565175s] [吞吐率：1.77req/s] [内存消耗：3,196.27kb] [文件加载：83]
[ info ] [ LANG ] D:\think_php\thinkphp\lang\zh-cn.php
[ info ] [ ROUTE ] array (
  'rule' => 'entrance/<version>/no/<method>',
  'route' => 'entrance/Entrance/noentrance',
  'option' => 
  array (
    'merge_rule_regex' => false,
    'cross_domain' => true,
    'header' => 
    array (
      'Access-Control-Allow-Credentials' => 'true',
      'Access-Control-Allow-Methods' => 'GET, POST, PATCH, PUT, DELETE',
      'Access-Control-Allow-Headers' => 'Authorization, Content-Type, If-Match, If-Modified-Since, If-None-Match, If-Unmodified-Since, X-Requested-With',
      'Access-Control-Allow-Origin' => '*',
    ),
  ),
  'var' => 
  array (
    'version' => 'JD',
    'method' => 'wx_select',
  ),
)
[ info ] [ HEADER ] array (
  'accept-language' => 'zh-CN,zh;q=0.9',
  'accept-encoding' => 'gzip, deflate, br',
  'referer' => 'http://localhost:9528/',
  'sec-fetch-dest' => 'empty',
  'sec-fetch-mode' => 'cors',
  'sec-fetch-site' => 'same-site',
  'origin' => 'http://localhost:9528',
  'content-type' => 'application/x-www-form-urlencoded',
  'user-agent' => 'Mozilla/5.0 (Windows NT 10.0; Win64; x64) AppleWebKit/537.36 (KHTML, like Gecko) Chrome/86.0.4240.111 Safari/537.36',
  'accept' => 'application/json, text/plain, */*',
  'content-length' => '43',
  'connection' => 'close',
  'host' => 'localhost',
)
[ info ] [ PARAM ] array (
  'offset' => '0',
  'length' => '10',
  'keyword' => '',
  'tableName' => 'admin',
  'version' => 'JD',
  'method' => 'wx_select',
)
[ info ] [ DB ] INIT mysql
[ sql ] [ DB ] CONNECT:[ UseTime:0.197168s ] mysql:host=106.54.90.60;port=3306;dbname=swm3_jiedx_club;charset=utf8
[ sql ] [ SQL ] SHOW COLUMNS FROM `yyc_admin` [ RunTime:0.113264s ]
[ sql ] [ SQL ] SELECT * FROM `yyc_admin` [ RunTime:0.081922s ]
[ sql ] [ SQL ] SELECT * FROM `yyc_admin` WHERE  `id` IS NULL [ RunTime:0.116428s ]
---------------------------------------------------------------

[2020-10-28T21:12:57+08:00] ::1 POST localhost/entrance/JD/no/wx_select
[运行时间：0.458279s] [吞吐率：2.18req/s] [内存消耗：3,196.27kb] [文件加载：83]
[ info ] [ LANG ] D:\think_php\thinkphp\lang\zh-cn.php
[ info ] [ ROUTE ] array (
  'rule' => 'entrance/<version>/no/<method>',
  'route' => 'entrance/Entrance/noentrance',
  'option' => 
  array (
    'merge_rule_regex' => false,
    'cross_domain' => true,
    'header' => 
    array (
      'Access-Control-Allow-Credentials' => 'true',
      'Access-Control-Allow-Methods' => 'GET, POST, PATCH, PUT, DELETE',
      'Access-Control-Allow-Headers' => 'Authorization, Content-Type, If-Match, If-Modified-Since, If-None-Match, If-Unmodified-Since, X-Requested-With',
      'Access-Control-Allow-Origin' => '*',
    ),
  ),
  'var' => 
  array (
    'version' => 'JD',
    'method' => 'wx_select',
  ),
)
[ info ] [ HEADER ] array (
  'accept-language' => 'zh-CN,zh;q=0.9',
  'accept-encoding' => 'gzip, deflate, br',
  'referer' => 'http://localhost:9528/',
  'sec-fetch-dest' => 'empty',
  'sec-fetch-mode' => 'cors',
  'sec-fetch-site' => 'same-site',
  'origin' => 'http://localhost:9528',
  'content-type' => 'application/x-www-form-urlencoded',
  'user-agent' => 'Mozilla/5.0 (Windows NT 10.0; Win64; x64) AppleWebKit/537.36 (KHTML, like Gecko) Chrome/86.0.4240.111 Safari/537.36',
  'accept' => 'application/json, text/plain, */*',
  'content-length' => '43',
  'connection' => 'close',
  'host' => 'localhost',
)
[ info ] [ PARAM ] array (
  'offset' => '0',
  'length' => '10',
  'keyword' => '',
  'tableName' => 'admin',
  'version' => 'JD',
  'method' => 'wx_select',
)
[ info ] [ DB ] INIT mysql
[ sql ] [ DB ] CONNECT:[ UseTime:0.137025s ] mysql:host=106.54.90.60;port=3306;dbname=swm3_jiedx_club;charset=utf8
[ sql ] [ SQL ] SHOW COLUMNS FROM `yyc_admin` [ RunTime:0.089711s ]
[ sql ] [ SQL ] SELECT * FROM `yyc_admin` [ RunTime:0.091110s ]
[ sql ] [ SQL ] SELECT * FROM `yyc_admin` WHERE  `id` IS NULL [ RunTime:0.080780s ]
---------------------------------------------------------------

[2020-10-28T21:16:23+08:00] ::1 POST localhost/entrance/JD/no/wx_select
[运行时间：0.523585s] [吞吐率：1.91req/s] [内存消耗：3,196.27kb] [文件加载：83]
[ info ] [ LANG ] D:\think_php\thinkphp\lang\zh-cn.php
[ info ] [ ROUTE ] array (
  'rule' => 'entrance/<version>/no/<method>',
  'route' => 'entrance/Entrance/noentrance',
  'option' => 
  array (
    'merge_rule_regex' => false,
    'cross_domain' => true,
    'header' => 
    array (
      'Access-Control-Allow-Credentials' => 'true',
      'Access-Control-Allow-Methods' => 'GET, POST, PATCH, PUT, DELETE',
      'Access-Control-Allow-Headers' => 'Authorization, Content-Type, If-Match, If-Modified-Since, If-None-Match, If-Unmodified-Since, X-Requested-With',
      'Access-Control-Allow-Origin' => '*',
    ),
  ),
  'var' => 
  array (
    'version' => 'JD',
    'method' => 'wx_select',
  ),
)
[ info ] [ HEADER ] array (
  'accept-language' => 'zh-CN,zh;q=0.9',
  'accept-encoding' => 'gzip, deflate, br',
  'referer' => 'http://localhost:9528/',
  'sec-fetch-dest' => 'empty',
  'sec-fetch-mode' => 'cors',
  'sec-fetch-site' => 'same-site',
  'origin' => 'http://localhost:9528',
  'content-type' => 'application/x-www-form-urlencoded',
  'user-agent' => 'Mozilla/5.0 (Windows NT 10.0; Win64; x64) AppleWebKit/537.36 (KHTML, like Gecko) Chrome/86.0.4240.111 Safari/537.36',
  'accept' => 'application/json, text/plain, */*',
  'content-length' => '43',
  'connection' => 'close',
  'host' => 'localhost',
)
[ info ] [ PARAM ] array (
  'offset' => '0',
  'length' => '10',
  'keyword' => '',
  'tableName' => 'admin',
  'version' => 'JD',
  'method' => 'wx_select',
)
[ info ] [ DB ] INIT mysql
[ sql ] [ DB ] CONNECT:[ UseTime:0.140570s ] mysql:host=106.54.90.60;port=3306;dbname=swm3_jiedx_club;charset=utf8
[ sql ] [ SQL ] SHOW COLUMNS FROM `yyc_admin` [ RunTime:0.089507s ]
[ sql ] [ SQL ] SELECT * FROM `yyc_admin` [ RunTime:0.112214s ]
[ sql ] [ SQL ] SELECT * FROM `yyc_admin` WHERE  `id` IS NULL [ RunTime:0.121557s ]
---------------------------------------------------------------

[2020-10-28T21:18:02+08:00] ::1 POST localhost/entrance/JD/no/wx_select
[运行时间：0.987098s] [吞吐率：1.01req/s] [内存消耗：3,196.27kb] [文件加载：83]
[ info ] [ LANG ] D:\think_php\thinkphp\lang\zh-cn.php
[ info ] [ ROUTE ] array (
  'rule' => 'entrance/<version>/no/<method>',
  'route' => 'entrance/Entrance/noentrance',
  'option' => 
  array (
    'merge_rule_regex' => false,
    'cross_domain' => true,
    'header' => 
    array (
      'Access-Control-Allow-Credentials' => 'true',
      'Access-Control-Allow-Methods' => 'GET, POST, PATCH, PUT, DELETE',
      'Access-Control-Allow-Headers' => 'Authorization, Content-Type, If-Match, If-Modified-Since, If-None-Match, If-Unmodified-Since, X-Requested-With',
      'Access-Control-Allow-Origin' => '*',
    ),
  ),
  'var' => 
  array (
    'version' => 'JD',
    'method' => 'wx_select',
  ),
)
[ info ] [ HEADER ] array (
  'accept-language' => 'zh-CN,zh;q=0.9',
  'accept-encoding' => 'gzip, deflate, br',
  'referer' => 'http://localhost:9528/',
  'sec-fetch-dest' => 'empty',
  'sec-fetch-mode' => 'cors',
  'sec-fetch-site' => 'same-site',
  'origin' => 'http://localhost:9528',
  'content-type' => 'application/x-www-form-urlencoded',
  'user-agent' => 'Mozilla/5.0 (Windows NT 10.0; Win64; x64) AppleWebKit/537.36 (KHTML, like Gecko) Chrome/86.0.4240.111 Safari/537.36',
  'accept' => 'application/json, text/plain, */*',
  'content-length' => '43',
  'connection' => 'close',
  'host' => 'localhost',
)
[ info ] [ PARAM ] array (
  'offset' => '0',
  'length' => '10',
  'keyword' => '',
  'tableName' => 'admin',
  'version' => 'JD',
  'method' => 'wx_select',
)
[ info ] [ DB ] INIT mysql
[ sql ] [ DB ] CONNECT:[ UseTime:0.256036s ] mysql:host=106.54.90.60;port=3306;dbname=swm3_jiedx_club;charset=utf8
[ sql ] [ SQL ] SHOW COLUMNS FROM `yyc_admin` [ RunTime:0.315437s ]
[ sql ] [ SQL ] SELECT * FROM `yyc_admin` [ RunTime:0.274205s ]
[ sql ] [ SQL ] SELECT * FROM `yyc_admin` WHERE  `id` IS NULL [ RunTime:0.091491s ]
---------------------------------------------------------------

[2020-10-28T21:18:38+08:00] ::1 POST localhost/entrance/JD/no/wx_select
[运行时间：0.500563s] [吞吐率：2.00req/s] [内存消耗：3,196.27kb] [文件加载：83]
[ info ] [ LANG ] D:\think_php\thinkphp\lang\zh-cn.php
[ info ] [ ROUTE ] array (
  'rule' => 'entrance/<version>/no/<method>',
  'route' => 'entrance/Entrance/noentrance',
  'option' => 
  array (
    'merge_rule_regex' => false,
    'cross_domain' => true,
    'header' => 
    array (
      'Access-Control-Allow-Credentials' => 'true',
      'Access-Control-Allow-Methods' => 'GET, POST, PATCH, PUT, DELETE',
      'Access-Control-Allow-Headers' => 'Authorization, Content-Type, If-Match, If-Modified-Since, If-None-Match, If-Unmodified-Since, X-Requested-With',
      'Access-Control-Allow-Origin' => '*',
    ),
  ),
  'var' => 
  array (
    'version' => 'JD',
    'method' => 'wx_select',
  ),
)
[ info ] [ HEADER ] array (
  'accept-language' => 'zh-CN,zh;q=0.9',
  'accept-encoding' => 'gzip, deflate, br',
  'referer' => 'http://localhost:9528/',
  'sec-fetch-dest' => 'empty',
  'sec-fetch-mode' => 'cors',
  'sec-fetch-site' => 'same-site',
  'origin' => 'http://localhost:9528',
  'content-type' => 'application/x-www-form-urlencoded',
  'user-agent' => 'Mozilla/5.0 (Windows NT 10.0; Win64; x64) AppleWebKit/537.36 (KHTML, like Gecko) Chrome/86.0.4240.111 Safari/537.36',
  'accept' => 'application/json, text/plain, */*',
  'content-length' => '43',
  'connection' => 'close',
  'host' => 'localhost',
)
[ info ] [ PARAM ] array (
  'offset' => '0',
  'length' => '10',
  'keyword' => '',
  'tableName' => 'admin',
  'version' => 'JD',
  'method' => 'wx_select',
)
[ info ] [ DB ] INIT mysql
[ sql ] [ DB ] CONNECT:[ UseTime:0.134190s ] mysql:host=106.54.90.60;port=3306;dbname=swm3_jiedx_club;charset=utf8
[ sql ] [ SQL ] SHOW COLUMNS FROM `yyc_admin` [ RunTime:0.087887s ]
[ sql ] [ SQL ] SELECT * FROM `yyc_admin` [ RunTime:0.085920s ]
[ sql ] [ SQL ] SELECT * FROM `yyc_admin` WHERE  `id` IS NULL [ RunTime:0.142530s ]
---------------------------------------------------------------

[2020-10-28T21:20:41+08:00] ::1 POST localhost/entrance/JD/no/wx_select
[运行时间：0.518442s] [吞吐率：1.93req/s] [内存消耗：3,196.27kb] [文件加载：83]
[ info ] [ LANG ] D:\think_php\thinkphp\lang\zh-cn.php
[ info ] [ ROUTE ] array (
  'rule' => 'entrance/<version>/no/<method>',
  'route' => 'entrance/Entrance/noentrance',
  'option' => 
  array (
    'merge_rule_regex' => false,
    'cross_domain' => true,
    'header' => 
    array (
      'Access-Control-Allow-Credentials' => 'true',
      'Access-Control-Allow-Methods' => 'GET, POST, PATCH, PUT, DELETE',
      'Access-Control-Allow-Headers' => 'Authorization, Content-Type, If-Match, If-Modified-Since, If-None-Match, If-Unmodified-Since, X-Requested-With',
      'Access-Control-Allow-Origin' => '*',
    ),
  ),
  'var' => 
  array (
    'version' => 'JD',
    'method' => 'wx_select',
  ),
)
[ info ] [ HEADER ] array (
  'accept-language' => 'zh-CN,zh;q=0.9',
  'accept-encoding' => 'gzip, deflate, br',
  'referer' => 'http://localhost:9528/',
  'sec-fetch-dest' => 'empty',
  'sec-fetch-mode' => 'cors',
  'sec-fetch-site' => 'same-site',
  'origin' => 'http://localhost:9528',
  'content-type' => 'application/x-www-form-urlencoded',
  'user-agent' => 'Mozilla/5.0 (Windows NT 10.0; Win64; x64) AppleWebKit/537.36 (KHTML, like Gecko) Chrome/86.0.4240.111 Safari/537.36',
  'accept' => 'application/json, text/plain, */*',
  'content-length' => '43',
  'connection' => 'close',
  'host' => 'localhost',
)
[ info ] [ PARAM ] array (
  'offset' => '0',
  'length' => '10',
  'keyword' => '',
  'tableName' => 'admin',
  'version' => 'JD',
  'method' => 'wx_select',
)
[ info ] [ DB ] INIT mysql
[ sql ] [ DB ] CONNECT:[ UseTime:0.157611s ] mysql:host=106.54.90.60;port=3306;dbname=swm3_jiedx_club;charset=utf8
[ sql ] [ SQL ] SHOW COLUMNS FROM `yyc_admin` [ RunTime:0.100592s ]
[ sql ] [ SQL ] SELECT * FROM `yyc_admin` [ RunTime:0.079978s ]
[ sql ] [ SQL ] SELECT * FROM `yyc_admin` WHERE  `id` IS NULL [ RunTime:0.117637s ]
---------------------------------------------------------------

[2020-10-28T21:21:05+08:00] ::1 POST localhost/entrance/JD/no/wx_select
[运行时间：0.624850s] [吞吐率：1.60req/s] [内存消耗：3,196.27kb] [文件加载：83]
[ info ] [ LANG ] D:\think_php\thinkphp\lang\zh-cn.php
[ info ] [ ROUTE ] array (
  'rule' => 'entrance/<version>/no/<method>',
  'route' => 'entrance/Entrance/noentrance',
  'option' => 
  array (
    'merge_rule_regex' => false,
    'cross_domain' => true,
    'header' => 
    array (
      'Access-Control-Allow-Credentials' => 'true',
      'Access-Control-Allow-Methods' => 'GET, POST, PATCH, PUT, DELETE',
      'Access-Control-Allow-Headers' => 'Authorization, Content-Type, If-Match, If-Modified-Since, If-None-Match, If-Unmodified-Since, X-Requested-With',
      'Access-Control-Allow-Origin' => '*',
    ),
  ),
  'var' => 
  array (
    'version' => 'JD',
    'method' => 'wx_select',
  ),
)
[ info ] [ HEADER ] array (
  'accept-language' => 'zh-CN,zh;q=0.9',
  'accept-encoding' => 'gzip, deflate, br',
  'referer' => 'http://localhost:9528/',
  'sec-fetch-dest' => 'empty',
  'sec-fetch-mode' => 'cors',
  'sec-fetch-site' => 'same-site',
  'origin' => 'http://localhost:9528',
  'content-type' => 'application/x-www-form-urlencoded',
  'user-agent' => 'Mozilla/5.0 (Windows NT 10.0; Win64; x64) AppleWebKit/537.36 (KHTML, like Gecko) Chrome/86.0.4240.111 Safari/537.36',
  'accept' => 'application/json, text/plain, */*',
  'content-length' => '43',
  'connection' => 'close',
  'host' => 'localhost',
)
[ info ] [ PARAM ] array (
  'offset' => '0',
  'length' => '10',
  'keyword' => '',
  'tableName' => 'admin',
  'version' => 'JD',
  'method' => 'wx_select',
)
[ info ] [ DB ] INIT mysql
[ sql ] [ DB ] CONNECT:[ UseTime:0.201222s ] mysql:host=106.54.90.60;port=3306;dbname=swm3_jiedx_club;charset=utf8
[ sql ] [ SQL ] SHOW COLUMNS FROM `yyc_admin` [ RunTime:0.151402s ]
[ sql ] [ SQL ] SELECT * FROM `yyc_admin` [ RunTime:0.119893s ]
[ sql ] [ SQL ] SELECT * FROM `yyc_admin` WHERE  `id` IS NULL [ RunTime:0.105747s ]
---------------------------------------------------------------

[2020-10-28T21:21:28+08:00] ::1 POST localhost/entrance/JD/no/wx_select
[运行时间：0.515702s] [吞吐率：1.94req/s] [内存消耗：3,196.27kb] [文件加载：83]
[ info ] [ LANG ] D:\think_php\thinkphp\lang\zh-cn.php
[ info ] [ ROUTE ] array (
  'rule' => 'entrance/<version>/no/<method>',
  'route' => 'entrance/Entrance/noentrance',
  'option' => 
  array (
    'merge_rule_regex' => false,
    'cross_domain' => true,
    'header' => 
    array (
      'Access-Control-Allow-Credentials' => 'true',
      'Access-Control-Allow-Methods' => 'GET, POST, PATCH, PUT, DELETE',
      'Access-Control-Allow-Headers' => 'Authorization, Content-Type, If-Match, If-Modified-Since, If-None-Match, If-Unmodified-Since, X-Requested-With',
      'Access-Control-Allow-Origin' => '*',
    ),
  ),
  'var' => 
  array (
    'version' => 'JD',
    'method' => 'wx_select',
  ),
)
[ info ] [ HEADER ] array (
  'accept-language' => 'zh-CN,zh;q=0.9',
  'accept-encoding' => 'gzip, deflate, br',
  'referer' => 'http://localhost:9528/',
  'sec-fetch-dest' => 'empty',
  'sec-fetch-mode' => 'cors',
  'sec-fetch-site' => 'same-site',
  'origin' => 'http://localhost:9528',
  'content-type' => 'application/x-www-form-urlencoded',
  'user-agent' => 'Mozilla/5.0 (Windows NT 10.0; Win64; x64) AppleWebKit/537.36 (KHTML, like Gecko) Chrome/86.0.4240.111 Safari/537.36',
  'accept' => 'application/json, text/plain, */*',
  'content-length' => '43',
  'connection' => 'close',
  'host' => 'localhost',
)
[ info ] [ PARAM ] array (
  'offset' => '0',
  'length' => '10',
  'keyword' => '',
  'tableName' => 'admin',
  'version' => 'JD',
  'method' => 'wx_select',
)
[ info ] [ DB ] INIT mysql
[ sql ] [ DB ] CONNECT:[ UseTime:0.180200s ] mysql:host=106.54.90.60;port=3306;dbname=swm3_jiedx_club;charset=utf8
[ sql ] [ SQL ] SHOW COLUMNS FROM `yyc_admin` [ RunTime:0.082132s ]
[ sql ] [ SQL ] SELECT * FROM `yyc_admin` [ RunTime:0.083759s ]
[ sql ] [ SQL ] SELECT * FROM `yyc_admin` WHERE  `id` IS NULL [ RunTime:0.113655s ]
---------------------------------------------------------------

[2020-10-28T21:22:02+08:00] ::1 POST localhost/entrance/JD/no/wx_select
[运行时间：0.490020s] [吞吐率：2.04req/s] [内存消耗：3,196.27kb] [文件加载：83]
[ info ] [ LANG ] D:\think_php\thinkphp\lang\zh-cn.php
[ info ] [ ROUTE ] array (
  'rule' => 'entrance/<version>/no/<method>',
  'route' => 'entrance/Entrance/noentrance',
  'option' => 
  array (
    'merge_rule_regex' => false,
    'cross_domain' => true,
    'header' => 
    array (
      'Access-Control-Allow-Credentials' => 'true',
      'Access-Control-Allow-Methods' => 'GET, POST, PATCH, PUT, DELETE',
      'Access-Control-Allow-Headers' => 'Authorization, Content-Type, If-Match, If-Modified-Since, If-None-Match, If-Unmodified-Since, X-Requested-With',
      'Access-Control-Allow-Origin' => '*',
    ),
  ),
  'var' => 
  array (
    'version' => 'JD',
    'method' => 'wx_select',
  ),
)
[ info ] [ HEADER ] array (
  'accept-language' => 'zh-CN,zh;q=0.9',
  'accept-encoding' => 'gzip, deflate, br',
  'referer' => 'http://localhost:9528/',
  'sec-fetch-dest' => 'empty',
  'sec-fetch-mode' => 'cors',
  'sec-fetch-site' => 'same-site',
  'origin' => 'http://localhost:9528',
  'content-type' => 'application/x-www-form-urlencoded',
  'user-agent' => 'Mozilla/5.0 (Windows NT 10.0; Win64; x64) AppleWebKit/537.36 (KHTML, like Gecko) Chrome/86.0.4240.111 Safari/537.36',
  'accept' => 'application/json, text/plain, */*',
  'content-length' => '43',
  'connection' => 'close',
  'host' => 'localhost',
)
[ info ] [ PARAM ] array (
  'offset' => '0',
  'length' => '10',
  'keyword' => '',
  'tableName' => 'admin',
  'version' => 'JD',
  'method' => 'wx_select',
)
[ info ] [ DB ] INIT mysql
[ sql ] [ DB ] CONNECT:[ UseTime:0.158034s ] mysql:host=106.54.90.60;port=3306;dbname=swm3_jiedx_club;charset=utf8
[ sql ] [ SQL ] SHOW COLUMNS FROM `yyc_admin` [ RunTime:0.088703s ]
[ sql ] [ SQL ] SELECT * FROM `yyc_admin` [ RunTime:0.093591s ]
[ sql ] [ SQL ] SELECT * FROM `yyc_admin` WHERE  `id` IS NULL [ RunTime:0.096163s ]
---------------------------------------------------------------

[2020-10-28T21:23:00+08:00] ::1 POST localhost/entrance/JD/no/wx_select
[运行时间：0.536863s] [吞吐率：1.86req/s] [内存消耗：3,196.27kb] [文件加载：83]
[ info ] [ LANG ] D:\think_php\thinkphp\lang\zh-cn.php
[ info ] [ ROUTE ] array (
  'rule' => 'entrance/<version>/no/<method>',
  'route' => 'entrance/Entrance/noentrance',
  'option' => 
  array (
    'merge_rule_regex' => false,
    'cross_domain' => true,
    'header' => 
    array (
      'Access-Control-Allow-Credentials' => 'true',
      'Access-Control-Allow-Methods' => 'GET, POST, PATCH, PUT, DELETE',
      'Access-Control-Allow-Headers' => 'Authorization, Content-Type, If-Match, If-Modified-Since, If-None-Match, If-Unmodified-Since, X-Requested-With',
      'Access-Control-Allow-Origin' => '*',
    ),
  ),
  'var' => 
  array (
    'version' => 'JD',
    'method' => 'wx_select',
  ),
)
[ info ] [ HEADER ] array (
  'accept-language' => 'zh-CN,zh;q=0.9',
  'accept-encoding' => 'gzip, deflate, br',
  'referer' => 'http://localhost:9528/',
  'sec-fetch-dest' => 'empty',
  'sec-fetch-mode' => 'cors',
  'sec-fetch-site' => 'same-site',
  'origin' => 'http://localhost:9528',
  'content-type' => 'application/x-www-form-urlencoded',
  'user-agent' => 'Mozilla/5.0 (Windows NT 10.0; Win64; x64) AppleWebKit/537.36 (KHTML, like Gecko) Chrome/86.0.4240.111 Safari/537.36',
  'accept' => 'application/json, text/plain, */*',
  'content-length' => '43',
  'connection' => 'close',
  'host' => 'localhost',
)
[ info ] [ PARAM ] array (
  'offset' => '0',
  'length' => '10',
  'keyword' => '',
  'tableName' => 'admin',
  'version' => 'JD',
  'method' => 'wx_select',
)
[ info ] [ DB ] INIT mysql
[ sql ] [ DB ] CONNECT:[ UseTime:0.139377s ] mysql:host=106.54.90.60;port=3306;dbname=swm3_jiedx_club;charset=utf8
[ sql ] [ SQL ] SHOW COLUMNS FROM `yyc_admin` [ RunTime:0.109412s ]
[ sql ] [ SQL ] SELECT * FROM `yyc_admin` [ RunTime:0.122822s ]
[ sql ] [ SQL ] SELECT * FROM `yyc_admin` WHERE  `id` IS NULL [ RunTime:0.110554s ]
---------------------------------------------------------------

[2020-10-28T21:27:20+08:00] ::1 POST localhost/entrance/JD/no/wx_select
[运行时间：0.493906s] [吞吐率：2.02req/s] [内存消耗：3,196.27kb] [文件加载：83]
[ info ] [ LANG ] D:\think_php\thinkphp\lang\zh-cn.php
[ info ] [ ROUTE ] array (
  'rule' => 'entrance/<version>/no/<method>',
  'route' => 'entrance/Entrance/noentrance',
  'option' => 
  array (
    'merge_rule_regex' => false,
    'cross_domain' => true,
    'header' => 
    array (
      'Access-Control-Allow-Credentials' => 'true',
      'Access-Control-Allow-Methods' => 'GET, POST, PATCH, PUT, DELETE',
      'Access-Control-Allow-Headers' => 'Authorization, Content-Type, If-Match, If-Modified-Since, If-None-Match, If-Unmodified-Since, X-Requested-With',
      'Access-Control-Allow-Origin' => '*',
    ),
  ),
  'var' => 
  array (
    'version' => 'JD',
    'method' => 'wx_select',
  ),
)
[ info ] [ HEADER ] array (
  'accept-language' => 'zh-CN,zh;q=0.9',
  'accept-encoding' => 'gzip, deflate, br',
  'referer' => 'http://localhost:9528/',
  'sec-fetch-dest' => 'empty',
  'sec-fetch-mode' => 'cors',
  'sec-fetch-site' => 'same-site',
  'origin' => 'http://localhost:9528',
  'content-type' => 'application/x-www-form-urlencoded',
  'user-agent' => 'Mozilla/5.0 (Windows NT 10.0; Win64; x64) AppleWebKit/537.36 (KHTML, like Gecko) Chrome/86.0.4240.111 Safari/537.36',
  'accept' => 'application/json, text/plain, */*',
  'content-length' => '43',
  'connection' => 'close',
  'host' => 'localhost',
)
[ info ] [ PARAM ] array (
  'offset' => '0',
  'length' => '10',
  'keyword' => '',
  'tableName' => 'admin',
  'version' => 'JD',
  'method' => 'wx_select',
)
[ info ] [ DB ] INIT mysql
[ sql ] [ DB ] CONNECT:[ UseTime:0.145972s ] mysql:host=106.54.90.60;port=3306;dbname=swm3_jiedx_club;charset=utf8
[ sql ] [ SQL ] SHOW COLUMNS FROM `yyc_admin` [ RunTime:0.105512s ]
[ sql ] [ SQL ] SELECT * FROM `yyc_admin` [ RunTime:0.082821s ]
[ sql ] [ SQL ] SELECT * FROM `yyc_admin` WHERE  `id` IS NULL [ RunTime:0.108571s ]
---------------------------------------------------------------

[2020-10-28T21:28:09+08:00] ::1 POST localhost/entrance/JD/no/wx_select
[运行时间：0.479925s] [吞吐率：2.08req/s] [内存消耗：3,196.27kb] [文件加载：83]
[ info ] [ LANG ] D:\think_php\thinkphp\lang\zh-cn.php
[ info ] [ ROUTE ] array (
  'rule' => 'entrance/<version>/no/<method>',
  'route' => 'entrance/Entrance/noentrance',
  'option' => 
  array (
    'merge_rule_regex' => false,
    'cross_domain' => true,
    'header' => 
    array (
      'Access-Control-Allow-Credentials' => 'true',
      'Access-Control-Allow-Methods' => 'GET, POST, PATCH, PUT, DELETE',
      'Access-Control-Allow-Headers' => 'Authorization, Content-Type, If-Match, If-Modified-Since, If-None-Match, If-Unmodified-Since, X-Requested-With',
      'Access-Control-Allow-Origin' => '*',
    ),
  ),
  'var' => 
  array (
    'version' => 'JD',
    'method' => 'wx_select',
  ),
)
[ info ] [ HEADER ] array (
  'accept-language' => 'zh-CN,zh;q=0.9',
  'accept-encoding' => 'gzip, deflate, br',
  'referer' => 'http://localhost:9528/',
  'sec-fetch-dest' => 'empty',
  'sec-fetch-mode' => 'cors',
  'sec-fetch-site' => 'same-site',
  'origin' => 'http://localhost:9528',
  'content-type' => 'application/x-www-form-urlencoded',
  'user-agent' => 'Mozilla/5.0 (Windows NT 10.0; Win64; x64) AppleWebKit/537.36 (KHTML, like Gecko) Chrome/86.0.4240.111 Safari/537.36',
  'accept' => 'application/json, text/plain, */*',
  'content-length' => '43',
  'connection' => 'close',
  'host' => 'localhost',
)
[ info ] [ PARAM ] array (
  'offset' => '0',
  'length' => '10',
  'keyword' => '',
  'tableName' => 'admin',
  'version' => 'JD',
  'method' => 'wx_select',
)
[ info ] [ DB ] INIT mysql
[ sql ] [ DB ] CONNECT:[ UseTime:0.130360s ] mysql:host=106.54.90.60;port=3306;dbname=swm3_jiedx_club;charset=utf8
[ sql ] [ SQL ] SHOW COLUMNS FROM `yyc_admin` [ RunTime:0.122184s ]
[ sql ] [ SQL ] SELECT * FROM `yyc_admin` [ RunTime:0.089577s ]
[ sql ] [ SQL ] SELECT * FROM `yyc_admin` WHERE  `id` IS NULL [ RunTime:0.083647s ]
---------------------------------------------------------------

[2020-10-28T21:29:45+08:00] ::1 POST localhost/entrance/JD/no/wx_select
[运行时间：0.503532s] [吞吐率：1.99req/s] [内存消耗：3,196.27kb] [文件加载：83]
[ info ] [ LANG ] D:\think_php\thinkphp\lang\zh-cn.php
[ info ] [ ROUTE ] array (
  'rule' => 'entrance/<version>/no/<method>',
  'route' => 'entrance/Entrance/noentrance',
  'option' => 
  array (
    'merge_rule_regex' => false,
    'cross_domain' => true,
    'header' => 
    array (
      'Access-Control-Allow-Credentials' => 'true',
      'Access-Control-Allow-Methods' => 'GET, POST, PATCH, PUT, DELETE',
      'Access-Control-Allow-Headers' => 'Authorization, Content-Type, If-Match, If-Modified-Since, If-None-Match, If-Unmodified-Since, X-Requested-With',
      'Access-Control-Allow-Origin' => '*',
    ),
  ),
  'var' => 
  array (
    'version' => 'JD',
    'method' => 'wx_select',
  ),
)
[ info ] [ HEADER ] array (
  'accept-language' => 'zh-CN,zh;q=0.9',
  'accept-encoding' => 'gzip, deflate, br',
  'referer' => 'http://localhost:9528/',
  'sec-fetch-dest' => 'empty',
  'sec-fetch-mode' => 'cors',
  'sec-fetch-site' => 'same-site',
  'origin' => 'http://localhost:9528',
  'content-type' => 'application/x-www-form-urlencoded',
  'user-agent' => 'Mozilla/5.0 (Windows NT 10.0; Win64; x64) AppleWebKit/537.36 (KHTML, like Gecko) Chrome/86.0.4240.111 Safari/537.36',
  'accept' => 'application/json, text/plain, */*',
  'content-length' => '43',
  'connection' => 'close',
  'host' => 'localhost',
)
[ info ] [ PARAM ] array (
  'offset' => '0',
  'length' => '10',
  'keyword' => '',
  'tableName' => 'admin',
  'version' => 'JD',
  'method' => 'wx_select',
)
[ info ] [ DB ] INIT mysql
[ sql ] [ DB ] CONNECT:[ UseTime:0.129753s ] mysql:host=106.54.90.60;port=3306;dbname=swm3_jiedx_club;charset=utf8
[ sql ] [ SQL ] SHOW COLUMNS FROM `yyc_admin` [ RunTime:0.132635s ]
[ sql ] [ SQL ] SELECT * FROM `yyc_admin` [ RunTime:0.091672s ]
[ sql ] [ SQL ] SELECT * FROM `yyc_admin` WHERE  `id` IS NULL [ RunTime:0.082448s ]
---------------------------------------------------------------

[2020-10-28T21:30:58+08:00] ::1 POST localhost/entrance/JD/no/wx_select
[运行时间：0.515441s] [吞吐率：1.94req/s] [内存消耗：3,196.27kb] [文件加载：83]
[ info ] [ LANG ] D:\think_php\thinkphp\lang\zh-cn.php
[ info ] [ ROUTE ] array (
  'rule' => 'entrance/<version>/no/<method>',
  'route' => 'entrance/Entrance/noentrance',
  'option' => 
  array (
    'merge_rule_regex' => false,
    'cross_domain' => true,
    'header' => 
    array (
      'Access-Control-Allow-Credentials' => 'true',
      'Access-Control-Allow-Methods' => 'GET, POST, PATCH, PUT, DELETE',
      'Access-Control-Allow-Headers' => 'Authorization, Content-Type, If-Match, If-Modified-Since, If-None-Match, If-Unmodified-Since, X-Requested-With',
      'Access-Control-Allow-Origin' => '*',
    ),
  ),
  'var' => 
  array (
    'version' => 'JD',
    'method' => 'wx_select',
  ),
)
[ info ] [ HEADER ] array (
  'accept-language' => 'zh-CN,zh;q=0.9',
  'accept-encoding' => 'gzip, deflate, br',
  'referer' => 'http://localhost:9528/',
  'sec-fetch-dest' => 'empty',
  'sec-fetch-mode' => 'cors',
  'sec-fetch-site' => 'same-site',
  'origin' => 'http://localhost:9528',
  'content-type' => 'application/x-www-form-urlencoded',
  'user-agent' => 'Mozilla/5.0 (Windows NT 10.0; Win64; x64) AppleWebKit/537.36 (KHTML, like Gecko) Chrome/86.0.4240.111 Safari/537.36',
  'accept' => 'application/json, text/plain, */*',
  'content-length' => '43',
  'connection' => 'close',
  'host' => 'localhost',
)
[ info ] [ PARAM ] array (
  'offset' => '0',
  'length' => '10',
  'keyword' => '',
  'tableName' => 'admin',
  'version' => 'JD',
  'method' => 'wx_select',
)
[ info ] [ DB ] INIT mysql
[ sql ] [ DB ] CONNECT:[ UseTime:0.123448s ] mysql:host=106.54.90.60;port=3306;dbname=swm3_jiedx_club;charset=utf8
[ sql ] [ SQL ] SHOW COLUMNS FROM `yyc_admin` [ RunTime:0.088833s ]
[ sql ] [ SQL ] SELECT * FROM `yyc_admin` [ RunTime:0.088691s ]
[ sql ] [ SQL ] SELECT * FROM `yyc_admin` WHERE  `id` IS NULL [ RunTime:0.162682s ]
