[2020-11-11 10:41:36] Eect.WARNING: 其他错误交给系统处理 {"code":10501,"message":"SQLSTATE[42S22]: Column not found: 1054 Unknown column 'openid' in 'field list'"} []
[2020-11-11 10:41:48] Eect.WARNING: 其他错误交给系统处理 {"code":10501,"message":"SQLSTATE[42S22]: Column not found: 1054 Unknown column 'openid' in 'field list'"} []
[2020-11-11 10:41:50] Eect.WARNING: 其他错误交给系统处理 {"code":10501,"message":"SQLSTATE[42S22]: Column not found: 1054 Unknown column 'openid' in 'field list'"} []
[2020-11-11 10:41:50] Eect.WARNING: 其他错误交给系统处理 {"code":10501,"message":"SQLSTATE[42S22]: Column not found: 1054 Unknown column 'openid' in 'field list'"} []
[2020-11-11 10:42:03] Eect.WARNING: 其他错误交给系统处理 {"code":10501,"message":"SQLSTATE[42S22]: Column not found: 1054 Unknown column 'openid' in 'field list'"} []
[2020-11-11 10:42:40] Eect.WARNING: 其他错误交给系统处理 {"code":10501,"message":"SQLSTATE[42S22]: Column not found: 1054 Unknown column 'openid' in 'field list'"} []
[2020-11-11 10:43:07] Eect.WARNING: 其他错误交给系统处理 {"code":10501,"message":"SQLSTATE[42S22]: Column not found: 1054 Unknown column 'openid' in 'field list'"} []
[2020-11-11 10:43:18] Eect.WARNING: 其他错误交给系统处理 {"code":10501,"message":"SQLSTATE[42S22]: Column not found: 1054 Unknown column 'openid' in 'field list'"} []
[2020-11-11 10:43:42] Eect.WARNING: 其他错误交给系统处理 {"code":10501,"message":"SQLSTATE[42S22]: Column not found: 1054 Unknown column 'openid' in 'field list'"} []
[2020-11-11 10:43:49] Eect.WARNING: 其他错误交给系统处理 {"code":10501,"message":"SQLSTATE[42S22]: Column not found: 1054 Unknown column 'openid' in 'field list'"} []
[2020-11-11 10:43:53] Eect.WARNING: 其他错误交给系统处理 {"code":10501,"message":"SQLSTATE[42S22]: Column not found: 1054 Unknown column 'openid' in 'field list'"} []
[2020-11-11 10:44:18] Eect.WARNING: 其他错误交给系统处理 {"code":1,"message":"Undefined variable: price"} []
[2020-11-11 10:44:19] Eect.WARNING: 其他错误交给系统处理 {"code":1,"message":"Undefined variable: price"} []
[2020-11-11 10:55:51] Eect.WARNING: 其他错误交给系统处理 {"code":1,"message":"Undefined index: trade_type"} []
[2020-11-11 10:55:58] Eect.WARNING: 其他错误交给系统处理 {"code":1,"message":"Undefined index: trade_type"} []
[2020-11-11 10:57:18] Eect.WARNING: 其他错误交给系统处理 {"code":1,"message":"call_user_func_array() expects parameter 1 to be a valid callback, class 'EasyWeChat\\Payment\\Base\\Client' does not have a method 'unify'"} []
[2020-11-11 10:57:22] Eect.WARNING: 其他错误交给系统处理 {"code":1,"message":"Undefined index: trade_type"} []
[2020-11-11 10:57:59] Eect.WARNING: 其他错误交给系统处理 {"code":1,"message":"Undefined index: trade_type"} []
[2020-11-11 10:58:01] Eect.WARNING: 其他错误交给系统处理 {"code":1,"message":"Undefined index: trade_type"} []
[2020-11-11 10:58:03] Eect.WARNING: 其他错误交给系统处理 {"code":1,"message":"Undefined index: trade_type"} []
[2020-11-11 10:58:08] Eect.WARNING: 其他错误交给系统处理 {"code":1,"message":"Undefined index: trade_type"} []
[2020-11-11 11:00:50] Eect.WARNING: 其他错误交给系统处理 {"code":1,"message":"Undefined index: trade_type"} []
[2020-11-11 11:00:53] Eect.WARNING: 其他错误交给系统处理 {"code":1,"message":"Undefined index: trade_type"} []
[2020-11-11 11:01:08] Eect.WARNING: 其他错误交给系统处理 {"code":1,"message":"Undefined index: trade_type"} []
[2020-11-11 11:15:15] Eect.WARNING: 其他错误交给系统处理 {"code":1,"message":"Undefined index: trade_type"} []
[2020-11-11 11:15:22] Eect.WARNING: 其他错误交给系统处理 {"code":1,"message":"Undefined index: trade_type"} []
[2020-11-11 11:15:26] Eect.WARNING: 其他错误交给系统处理 {"code":1,"message":"Undefined index: trade_type"} []
[2020-11-11 11:15:49] Eect.WARNING: 其他错误交给系统处理 {"code":1,"message":"Undefined index: trade_type"} []
[2020-11-11 11:15:54] Eect.WARNING: 其他错误交给系统处理 {"code":1,"message":"Undefined index: trade_type"} []
[2020-11-11 11:15:57] Eect.WARNING: 其他错误交给系统处理 {"code":1,"message":"Undefined index: trade_type"} []
[2020-11-11 11:16:04] Eect.WARNING: 其他错误交给系统处理 {"code":1,"message":"Undefined index: trade_type"} []
[2020-11-11 11:16:24] Eect.WARNING: 其他错误交给系统处理 {"code":1,"message":"Undefined index: trade_type"} []
[2020-11-11 11:18:42] Eect.WARNING: 其他错误交给系统处理 {"code":1,"message":"Undefined index: trade_type"} []
[2020-11-11 11:18:54] Eect.WARNING: 其他错误交给系统处理 {"code":1,"message":"Undefined variable: result"} []
[2020-11-11 11:18:58] Eect.WARNING: 其他错误交给系统处理 {"code":1,"message":"Undefined variable: result"} []
[2020-11-11 11:21:35] Eect.WARNING: 其他错误交给系统处理 {"code":1,"message":"Undefined index: trade_type"} []
[2020-11-11 18:38:21] Eect.WARNING: 其他错误交给系统处理 {"code":1,"message":"Use of undefined constant SUCCESS - assumed 'SUCCESS' (this will throw an Error in a future version of PHP)"} []
[2020-11-11 18:52:07] Eect.WARNING: 其他错误交给系统处理 {"code":10501,"message":"SQLSTATE[HY000]: General error: 1366 Incorrect string value: '\\xF0\\x9F\\x89\\x91' for column 'name' at row 1"} []
[2020-11-11 19:55:21] Eect.WARNING: 其他错误交给系统处理  []
[2020-11-11 19:55:21] Eect.WARNING: 其他错误交给系统处理 {"code":1,"message":"Uncaught InvalidArgumentException: variable type error： boolean in D:\\think_php\\thinkphp\\library\\think\\Response.php:403\nStack trace:\n#0 D:\\think_php\\thinkphp\\library\\think\\Response.php(128): think\\Response->getContent()\n#1 D:\\think_php\\thinkphp\\library\\think\\Error.php(56): think\\Response->send()\n#2 [internal function]: think\\Error::appException(Object(PDOException))\n#3 {main}\n  thrown"} []
