[2020-11-16 19:14:27] Eect.WARNING: 其他错误交给系统处理 {"code":1,"message":"controller not exists:500"} []
[2020-11-16 19:24:51] Eect.WARNING: 其他错误交给系统处理 {"code":1,"message":"Parse error: syntax error, unexpected 'public' (T_PUBLIC), expecting end of file"} []
[2020-11-16 19:25:26] Eect.WARNING: 其他错误交给系统处理 {"code":1,"message":"Parse error: syntax error, unexpected 'public' (T_PUBLIC), expecting end of file"} []
[2020-11-16 19:25:28] Eect.WARNING: 其他错误交给系统处理 {"code":1,"message":"Parse error: syntax error, unexpected 'public' (T_PUBLIC), expecting end of file"} []
[2020-11-16 19:53:53] Eect.WARNING: 其他错误交给系统处理 {"code":1,"message":"Parse error: syntax error, unexpected '}'"} []
[2020-11-16 19:53:54] Eect.WARNING: 其他错误交给系统处理 {"code":1,"message":"Parse error: syntax error, unexpected '}'"} []
[2020-11-16 19:53:55] Eect.WARNING: 其他错误交给系统处理 {"code":1,"message":"Parse error: syntax error, unexpected '}'"} []
[2020-11-16 19:53:56] Eect.WARNING: 其他错误交给系统处理 {"code":1,"message":"Parse error: syntax error, unexpected '}'"} []
[2020-11-16 19:54:51] Eect.WARNING: 其他错误交给系统处理 {"code":1,"message":"controller not exists:500"} []
[2020-11-16 19:56:29] Eect.WARNING: 其他错误交给系统处理  []
[2020-11-16 19:56:29] Eect.WARNING: 其他错误交给系统处理 {"code":1,"message":"Uncaught InvalidArgumentException: variable type error： boolean in D:\\think_php\\thinkphp\\library\\think\\Response.php:403\nStack trace:\n#0 D:\\think_php\\thinkphp\\library\\think\\Response.php(128): think\\Response->getContent()\n#1 D:\\think_php\\thinkphp\\library\\think\\Error.php(56): think\\Response->send()\n#2 [internal function]: think\\Error::appException(Object(PDOException))\n#3 {main}\n  thrown"} []
[2020-11-16 19:57:59] Eect.WARNING: 其他错误交给系统处理 {"code":1,"message":"controller not exists:500"} []
[2020-11-16 20:28:00] Eect.WARNING: 其他错误交给系统处理 {"code":1,"message":"Undefined index: prepay_id"} []
[2020-11-16 21:41:13] Eect.WARNING: 其他错误交给系统处理 {"code":1,"message":"controller not exists:500"} []
[2020-11-16 21:46:19] Eect.WARNING: 其他错误交给系统处理 {"code":1,"message":"失败"} []
[2020-11-16 21:46:29] Eect.WARNING: 其他错误交给系统处理 {"code":1,"message":"失败"} []
[2020-11-16 21:46:44] Eect.WARNING: 其他错误交给系统处理 {"code":1,"message":"失败"} []
[2020-11-16 21:47:26] Eect.WARNING: 其他错误交给系统处理 {"code":1,"message":"Undefined index: prepay_id"} []
[2020-11-16 21:47:48] Eect.WARNING: 其他错误交给系统处理 {"code":1,"message":"Undefined index: prepay_id"} []
[2020-11-16 21:48:15] Eect.WARNING: 其他错误交给系统处理 {"code":1,"message":"Undefined index: prepay_id"} []
[2020-11-16 21:48:30] Eect.WARNING: 其他错误交给系统处理 {"code":1,"message":"Undefined index: prepay_id"} []
[2020-11-16 21:50:08] Eect.WARNING: 其他错误交给系统处理 {"code":1,"message":"失败"} []
