[2020-11-17 10:30:08] Eect.WARNING: 其他错误交给系统处理 {"code":1,"message":"Undefined index: app_id"} []
[2020-11-17 10:30:36] Eect.WARNING: 其他错误交给系统处理 {"code":1,"message":"Undefined index: app_id"} []
[2020-11-17 10:31:03] Eect.WARNING: 其他错误交给系统处理 {"code":1,"message":"Non-static method app\\entrance\\model\\Random::random() should not be called statically"} []
[2020-11-17 10:32:45] Eect.WARNING: 其他错误交给系统处理 {"code":1,"message":"Non-static method app\\entrance\\model\\Random::random() should not be called statically"} []
[2020-11-17 10:32:55] Eect.WARNING: 其他错误交给系统处理 {"code":1,"message":"method not exist:app\\entrance\\model\\Random->formatBizQueryParaMap"} []
[2020-11-17 10:33:16] Eect.WARNING: 其他错误交给系统处理 {"code":1,"message":"method not exist:app\\entrance\\model\\Random->formatBizQueryParaMap"} []
[2020-11-17 10:34:10] Eect.WARNING: 其他错误交给系统处理 {"code":1,"message":"method not exist:app\\entrance\\model\\Random->formatBizQueryParaMap"} []
[2020-11-17 10:34:51] Eect.WARNING: 其他错误交给系统处理 {"code":1,"message":"method not exist:app\\entrance\\model\\Random->formatBizQueryParaMap"} []
[2020-11-17 10:35:41] Eect.WARNING: 其他错误交给系统处理 {"code":1,"message":"method not exist:app\\entrance\\model\\Random->formatBizQueryParaMap"} []
[2020-11-17 10:37:27] Eect.WARNING: 其他错误交给系统处理 {"code":1,"message":"ksort() expects parameter 1 to be array, null given"} []
[2020-11-17 10:40:11] Eect.WARNING: 其他错误交给系统处理 {"code":1,"message":"Illegal string offset 'appId'"} []
[2020-11-17 10:42:03] Eect.WARNING: 其他错误交给系统处理 {"code":1,"message":"Illegal string offset 'appId'"} []
[2020-11-17 10:43:46] Eect.WARNING: 其他错误交给系统处理 {"code":1,"message":"Illegal string offset 'appId'"} []
[2020-11-17 10:44:49] Eect.WARNING: 其他错误交给系统处理 {"code":1,"message":"ksort() expects parameter 1 to be array, string given"} []
[2020-11-17 10:46:07] Eect.WARNING: 其他错误交给系统处理 {"code":1,"message":"Illegal string offset 'appId'"} []
[2020-11-17 10:55:34] Eect.WARNING: 其他错误交给系统处理 {"code":1,"message":"Illegal string offset 'appId'"} []
[2020-11-17 10:56:37] Eect.WARNING: 其他错误交给系统处理 {"code":1,"message":"Illegal string offset 'appId'"} []
[2020-11-17 10:58:26] Eect.WARNING: 其他错误交给系统处理 {"code":1,"message":"Undefined variable: message"} []
[2020-11-17 10:58:37] Eect.WARNING: 其他错误交给系统处理 {"code":1,"message":"Array to string conversion"} []
[2020-11-17 11:00:06] Eect.WARNING: 其他错误交给系统处理 {"code":1,"message":"ksort() expects parameter 1 to be array, string given"} []
[2020-11-17 11:00:42] Eect.WARNING: 其他错误交给系统处理 {"code":1,"message":"ksort() expects parameter 1 to be array, string given"} []
[2020-11-17 11:00:47] Eect.WARNING: 其他错误交给系统处理 {"code":1,"message":"ksort() expects parameter 1 to be array, string given"} []
[2020-11-17 11:00:58] Eect.WARNING: 其他错误交给系统处理 {"code":1,"message":"Illegal string offset 'appId'"} []
[2020-11-17 11:01:40] Eect.WARNING: 其他错误交给系统处理 {"code":1,"message":"ksort() expects parameter 1 to be array, string given"} []
[2020-11-17 11:09:59] Eect.WARNING: 其他错误交给系统处理 {"code":1,"message":"ksort() expects parameter 1 to be array, string given"} []
[2020-11-17 11:10:14] Eect.WARNING: 其他错误交给系统处理 {"code":1,"message":"Illegal string offset 'appId'"} []
[2020-11-17 11:37:36] Eect.WARNING: 其他错误交给系统处理 {"code":1,"message":"A non-numeric value encountered"} []
[2020-11-17 19:38:41] Eect.WARNING: 其他错误交给系统处理 {"code":400,"message":"Invalid request XML."} []
[2020-11-17 19:38:45] Eect.WARNING: 其他错误交给系统处理 {"code":400,"message":"Invalid request XML."} []
[2020-11-17 19:39:21] Eect.WARNING: 其他错误交给系统处理 {"code":400,"message":"Invalid request XML."} []
[2020-11-17 19:39:23] Eect.WARNING: 其他错误交给系统处理 {"code":400,"message":"Invalid request XML."} []
[2020-11-17 19:39:24] Eect.WARNING: 其他错误交给系统处理 {"code":400,"message":"Invalid request XML."} []
[2020-11-17 19:39:48] Eect.WARNING: 其他错误交给系统处理 {"code":400,"message":"Invalid request XML."} []
[2020-11-17 21:27:43] Eect.WARNING: 其他错误交给系统处理 {"code":400,"message":"Invalid request XML."} []
