[2020-11-28 11:05:47] Eect.WARNING: 其他错误交给系统处理 {"code":10501,"message":"SQLSTATE[42S02]: Base table or view not found: 1146 Table 'swm3_jiedx_club.yyc_coupon' doesn't exist"} []
[2020-11-28 11:07:50] Eect.WARNING: 其他错误交给系统处理 {"code":10501,"message":"SQLSTATE[42S02]: Base table or view not found: 1146 Table 'swm3_jiedx_club.yyc_coupon' doesn't exist"} []
[2020-11-28 11:17:40] Eect.WARNING: 其他错误交给系统处理 {"code":10501,"message":"SQLSTATE[42S02]: Base table or view not found: 1146 Table 'swm3_jiedx_club.coupon' doesn't exist"} []
[2020-11-28 11:18:00] Eect.WARNING: 其他错误交给系统处理 {"code":10501,"message":"SQLSTATE[42S02]: Base table or view not found: 1146 Table 'swm3_jiedx_club.yyc_coupon' doesn't exist"} []
[2020-11-28 11:18:45] Eect.WARNING: 其他错误交给系统处理 {"code":10501,"message":"SQLSTATE[42S02]: Base table or view not found: 1146 Table 'swm3_jiedx_club.admin' doesn't exist"} []
[2020-11-28 11:19:08] Eect.WARNING: 其他错误交给系统处理 {"code":10501,"message":"SQLSTATE[42S02]: Base table or view not found: 1146 Table 'swm3_jiedx_club.yyc_coupon' doesn't exist"} []
[2020-11-28 11:23:03] Eect.WARNING: 其他错误交给系统处理 {"code":10501,"message":"SQLSTATE[42S02]: Base table or view not found: 1146 Table 'swm3_jiedx_club.yyc_coupon' doesn't exist"} []
[2020-11-28 11:23:05] Eect.WARNING: 其他错误交给系统处理 {"code":10501,"message":"SQLSTATE[42S02]: Base table or view not found: 1146 Table 'swm3_jiedx_club.yyc_coupon' doesn't exist"} []
[2020-11-28 11:23:10] Eect.WARNING: 其他错误交给系统处理 {"code":10501,"message":"SQLSTATE[42S02]: Base table or view not found: 1146 Table 'swm3_jiedx_club.yyc_coupon' doesn't exist"} []
[2020-11-28 11:23:30] Eect.WARNING: 其他错误交给系统处理 {"code":10501,"message":"SQLSTATE[42S02]: Base table or view not found: 1146 Table 'swm3_jiedx_club.yyc_coupon' doesn't exist"} []
[2020-11-28 11:23:36] Eect.WARNING: 其他错误交给系统处理 {"code":10501,"message":"SQLSTATE[42S02]: Base table or view not found: 1146 Table 'swm3_jiedx_club.yyc_coupon' doesn't exist"} []
[2020-11-28 11:27:47] Eect.WARNING: 其他错误交给系统处理 {"code":1,"message":"Object of class app\\entrance\\model\\Coupon could not be converted to number"} []
[2020-11-28 11:28:04] Eect.WARNING: 其他错误交给系统处理 {"code":1,"message":"Object of class app\\entrance\\model\\Coupon could not be converted to number"} []
[2020-11-28 11:29:53] Eect.WARNING: 其他错误交给系统处理 {"code":1,"message":"variable type error： array"} []
[2020-11-28 11:31:12] Eect.WARNING: 其他错误交给系统处理 {"code":1,"message":"variable type error： array"} []
[2020-11-28 11:32:29] Eect.WARNING: 其他错误交给系统处理 {"code":1,"message":"variable type error： array"} []
[2020-11-28 11:33:39] Eect.WARNING: 其他错误交给系统处理 {"code":1,"message":"variable type error： array"} []
[2020-11-28 11:36:44] Eect.WARNING: 其他错误交给系统处理 {"code":1,"message":"Non-static method app\\entrance\\model\\Random::getRand() should not be called statically"} []
[2020-11-28 12:33:50] Eect.WARNING: 其他错误交给系统处理 {"code":1,"message":"Fatal error: Call to undefined method think\\model\\Collection::value()"} []
[2020-11-28 12:35:43] Eect.WARNING: 其他错误交给系统处理 {"code":1,"message":"Undefined index: probability"} []
[2020-11-28 12:36:17] Eect.WARNING: 其他错误交给系统处理 {"code":1,"message":"Undefined index: probability"} []
[2020-11-28 12:36:44] Eect.WARNING: 其他错误交给系统处理 {"code":1,"message":"Object of class think\\model\\Collection could not be converted to number"} []
[2020-11-28 12:37:06] Eect.WARNING: 其他错误交给系统处理 {"code":1,"message":"Fatal error: Call to undefined method think\\model\\Collection::value()"} []
[2020-11-28 12:38:29] Eect.WARNING: 其他错误交给系统处理 {"code":1,"message":"Illegal string offset 'id'"} []
